[0.129s] Invoking command in '/root/workspaces/ros2_ws/build/library_world': CMAKE_PREFIX_PATH=${CMAKE_PREFIX_PATH}:/opt/ros/jazzy /usr/bin/cmake /root/workspaces/ros2_ws/src/ai-worker-sim/library_world -DCMAKE_INSTALL_PREFIX=/root/workspaces/ros2_ws/install/library_world
[0.393s] -- The C compiler identification is GNU 13.3.0
[0.604s] -- The CXX compiler identification is GNU 13.3.0
[0.681s] -- Detecting C compiler ABI info
[1.571s] -- Detecting C compiler ABI info - done
[1.588s] -- Check for working C compiler: /usr/bin/cc - skipped
[1.588s] -- Detecting C compile features
[1.588s] -- Detecting C compile features - done
[1.670s] -- Detecting CXX compiler ABI info
[2.559s] -- Detecting CXX compiler ABI info - done
[2.570s] -- Check for working CXX compiler: /usr/bin/c++ - skipped
[2.572s] -- Detecting CXX compile features
[2.572s] -- Detecting CXX compile features - done
[2.680s] -- Found ament_cmake: 2.5.6 (/opt/ros/jazzy/share/ament_cmake/cmake)
[2.927s] -- Found Python3: /usr/bin/python3 (found version "3.12.3") found components: Interpreter 
[3.763s] -- Found ament_lint_auto: 0.17.5 (/opt/ros/jazzy/share/ament_lint_auto/cmake)
[5.018s] -- Added test 'flake8' to check Python code syntax and style conventions
[5.018s] -- Configured 'flake8' exclude dirs and/or files: 
[5.104s] -- Added test 'lint_cmake' to check CMake code style
[5.156s] -- Added test 'pep257' to check Python code against some of the docstring style conventions in PEP 257
[5.602s] -- Added test 'xmllint' to check XML markup files
[5.894s] -- Configuring done (5.7s)
[6.643s] -- Generating done (0.7s)
[6.974s] -- Build files have been written to: /root/workspaces/ros2_ws/build/library_world
[6.983s] Invoked command in '/root/workspaces/ros2_ws/build/library_world' returned '0': CMAKE_PREFIX_PATH=${CMAKE_PREFIX_PATH}:/opt/ros/jazzy /usr/bin/cmake /root/workspaces/ros2_ws/src/ai-worker-sim/library_world -DCMAKE_INSTALL_PREFIX=/root/workspaces/ros2_ws/install/library_world
[6.984s] Invoking command in '/root/workspaces/ros2_ws/build/library_world': CMAKE_PREFIX_PATH=${CMAKE_PREFIX_PATH}:/opt/ros/jazzy /usr/bin/cmake --build /root/workspaces/ros2_ws/build/library_world -- -j4 -l4
[7.104s] Invoked command in '/root/workspaces/ros2_ws/build/library_world' returned '0': CMAKE_PREFIX_PATH=${CMAKE_PREFIX_PATH}:/opt/ros/jazzy /usr/bin/cmake --build /root/workspaces/ros2_ws/build/library_world -- -j4 -l4
[7.140s] Invoking command in '/root/workspaces/ros2_ws/build/library_world': CMAKE_PREFIX_PATH=${CMAKE_PREFIX_PATH}:/opt/ros/jazzy /usr/bin/cmake --install /root/workspaces/ros2_ws/build/library_world
[7.178s] -- Install configuration: ""
[7.196s] -- Installing: /root/workspaces/ros2_ws/install/library_world/share/library_world//launch
[7.241s] -- Installing: /root/workspaces/ros2_ws/install/library_world/share/library_world//launch/library_world_launch.py
[7.279s] -- Installing: /root/workspaces/ros2_ws/install/library_world/share/library_world//world
[7.311s] -- Installing: /root/workspaces/ros2_ws/install/library_world/share/library_world//world/library.sdf
[7.359s] -- Installing: /root/workspaces/ros2_ws/install/library_world/share/library_world//models
[7.378s] -- Installing: /root/workspaces/ros2_ws/install/library_world/share/library_world//models/bookshelf_d
[7.401s] -- Installing: /root/workspaces/ros2_ws/install/library_world/share/library_world//models/bookshelf_d/model.sdf
[7.466s] -- Installing: /root/workspaces/ros2_ws/install/library_world/share/library_world//models/bookshelf_d/materials
[7.488s] -- Installing: /root/workspaces/ros2_ws/install/library_world/share/library_world//models/bookshelf_d/materials/textures
[7.541s] -- Installing: /root/workspaces/ros2_ws/install/library_world/share/library_world//models/bookshelf_d/materials/textures/aws_BookshelfB_01.png
[7.663s] -- Installing: /root/workspaces/ros2_ws/install/library_world/share/library_world//models/bookshelf_d/materials/textures/aws_BookshelfB_02.png
[7.741s] -- Installing: /root/workspaces/ros2_ws/install/library_world/share/library_world//models/bookshelf_d/model.config
[7.776s] -- Installing: /root/workspaces/ros2_ws/install/library_world/share/library_world//models/bookshelf_d/meshes
[7.800s] -- Installing: /root/workspaces/ros2_ws/install/library_world/share/library_world//models/bookshelf_d/meshes/SHELVES.dae
[7.871s] -- Installing: /root/workspaces/ros2_ws/install/library_world/share/library_world//models/floor
[7.892s] -- Installing: /root/workspaces/ros2_ws/install/library_world/share/library_world//models/floor/model.sdf
[7.971s] -- Installing: /root/workspaces/ros2_ws/install/library_world/share/library_world//models/floor/materials
[7.995s] -- Installing: /root/workspaces/ros2_ws/install/library_world/share/library_world//models/floor/materials/textures
[8.049s] -- Installing: /root/workspaces/ros2_ws/install/library_world/share/library_world//models/floor/materials/textures/aws_FloorB_01.png
[8.148s] -- Installing: /root/workspaces/ros2_ws/install/library_world/share/library_world//models/floor/model.config
[8.193s] -- Installing: /root/workspaces/ros2_ws/install/library_world/share/library_world//models/floor/meshes
[8.245s] -- Installing: /root/workspaces/ros2_ws/install/library_world/share/library_world//models/floor/meshes/floor_collision.DAE
[8.291s] -- Installing: /root/workspaces/ros2_ws/install/library_world/share/library_world//models/floor/meshes/floor_visual.DAE
[8.367s] -- Installing: /root/workspaces/ros2_ws/install/library_world/share/library_world//models/bookshelf_b
[8.388s] -- Installing: /root/workspaces/ros2_ws/install/library_world/share/library_world//models/bookshelf_b/model.sdf
[8.456s] -- Installing: /root/workspaces/ros2_ws/install/library_world/share/library_world//models/bookshelf_b/materials
[8.478s] -- Installing: /root/workspaces/ros2_ws/install/library_world/share/library_world//models/bookshelf_b/materials/textures
[8.502s] -- Installing: /root/workspaces/ros2_ws/install/library_world/share/library_world//models/bookshelf_b/materials/textures/aws_BookshelfA_02.png
[8.641s] -- Installing: /root/workspaces/ros2_ws/install/library_world/share/library_world//models/bookshelf_b/materials/textures/aws_BookshelfA_03.png
[8.696s] -- Installing: /root/workspaces/ros2_ws/install/library_world/share/library_world//models/bookshelf_b/materials/textures/aws_BookshelfA_01.png
[9.123s] -- Installing: /root/workspaces/ros2_ws/install/library_world/share/library_world//models/bookshelf_b/model.config
[9.185s] -- Installing: /root/workspaces/ros2_ws/install/library_world/share/library_world//models/bookshelf_b/meshes
[9.208s] -- Installing: /root/workspaces/ros2_ws/install/library_world/share/library_world//models/bookshelf_b/meshes/bookshelfb_collision.DAE
[9.278s] -- Installing: /root/workspaces/ros2_ws/install/library_world/share/library_world//models/bookshelf_b/meshes/bookshelfb_visual.DAE
[9.453s] -- Installing: /root/workspaces/ros2_ws/install/library_world/share/library_world//models/bookshelf_e
[9.471s] -- Installing: /root/workspaces/ros2_ws/install/library_world/share/library_world//models/bookshelf_e/model.sdf
[9.514s] -- Installing: /root/workspaces/ros2_ws/install/library_world/share/library_world//models/bookshelf_e/materials
[9.571s] -- Installing: /root/workspaces/ros2_ws/install/library_world/share/library_world//models/bookshelf_e/materials/textures
[9.599s] -- Installing: /root/workspaces/ros2_ws/install/library_world/share/library_world//models/bookshelf_e/materials/textures/aws_BookshelfC_01.png
[9.761s] -- Installing: /root/workspaces/ros2_ws/install/library_world/share/library_world//models/bookshelf_e/model.config
[9.807s] -- Installing: /root/workspaces/ros2_ws/install/library_world/share/library_world//models/bookshelf_e/meshes
[9.867s] -- Installing: /root/workspaces/ros2_ws/install/library_world/share/library_world//models/bookshelf_e/meshes/bookshelfe_collision.DAE
[9.906s] -- Installing: /root/workspaces/ros2_ws/install/library_world/share/library_world//models/bookshelf_e/meshes/bookshelfe_visual.DAE
[9.978s] -- Installing: /root/workspaces/ros2_ws/install/library_world/share/library_world//models/etgah_logo
[9.998s] -- Installing: /root/workspaces/ros2_ws/install/library_world/share/library_world//models/etgah_logo/model.sdf
[10.065s] -- Installing: /root/workspaces/ros2_ws/install/library_world/share/library_world//models/etgah_logo/materials
[10.087s] -- Installing: /root/workspaces/ros2_ws/install/library_world/share/library_world//models/etgah_logo/materials/textures
[10.112s] -- Installing: /root/workspaces/ros2_ws/install/library_world/share/library_world//models/etgah_logo/materials/textures/logo.png
[10.190s] -- Installing: /root/workspaces/ros2_ws/install/library_world/share/library_world//models/etgah_logo/model.config
[10.259s] -- Installing: /root/workspaces/ros2_ws/install/library_world/share/library_world//models/sofa
[10.281s] -- Installing: /root/workspaces/ros2_ws/install/library_world/share/library_world//models/sofa/model.sdf
[12.596s] -- Installing: /root/workspaces/ros2_ws/install/library_world/share/library_world//models/sofa/materials
[12.597s] -- Installing: /root/workspaces/ros2_ws/install/library_world/share/library_world//models/sofa/materials/textures
[12.621s] -- Installing: /root/workspaces/ros2_ws/install/library_world/share/library_world//models/sofa/materials/textures/Wood1.jpg
[12.644s] -- Installing: /root/workspaces/ros2_ws/install/library_world/share/library_world//models/sofa/materials/textures/Wood_Fine_AI_03-CW.jpg
[12.670s] -- Installing: /root/workspaces/ros2_ws/install/library_world/share/library_world//models/sofa/model.config
[12.697s] -- Installing: /root/workspaces/ros2_ws/install/library_world/share/library_world//models/sofa/meshes
[12.720s] -- Installing: /root/workspaces/ros2_ws/install/library_world/share/library_world//models/sofa/meshes/Sofa3
[12.743s] -- Installing: /root/workspaces/ros2_ws/install/library_world/share/library_world//models/sofa/meshes/Sofa3/Wood1.jpg
[12.767s] -- Installing: /root/workspaces/ros2_ws/install/library_world/share/library_world//models/sofa/meshes/Sofa3/Wood_Fine_AI_03-CW.jpg
[12.790s] -- Installing: /root/workspaces/ros2_ws/install/library_world/share/library_world//models/sofa/meshes/sofa.dae
[12.814s] -- Installing: /root/workspaces/ros2_ws/install/library_world/share/library_world//models/bookshelf
[12.828s] -- Installing: /root/workspaces/ros2_ws/install/library_world/share/library_world//models/bookshelf/model.sdf
[12.828s] -- Installing: /root/workspaces/ros2_ws/install/library_world/share/library_world//models/bookshelf/materials
[12.828s] -- Installing: /root/workspaces/ros2_ws/install/library_world/share/library_world//models/bookshelf/materials/textures
[12.828s] -- Installing: /root/workspaces/ros2_ws/install/library_world/share/library_world//models/bookshelf/materials/textures/aws_BookshelfB_01.png
[12.828s] -- Installing: /root/workspaces/ros2_ws/install/library_world/share/library_world//models/bookshelf/materials/textures/aws_BookshelfB_02.png
[12.828s] -- Installing: /root/workspaces/ros2_ws/install/library_world/share/library_world//models/bookshelf/model.config
[12.828s] -- Installing: /root/workspaces/ros2_ws/install/library_world/share/library_world//models/bookshelf/meshes
[12.828s] -- Installing: /root/workspaces/ros2_ws/install/library_world/share/library_world//models/bookshelf/meshes/bookshelf_collision.DAE
[12.828s] -- Installing: /root/workspaces/ros2_ws/install/library_world/share/library_world//models/bookshelf/meshes/bookshelf_visual.DAE
[12.828s] -- Installing: /root/workspaces/ros2_ws/install/library_world/share/library_world//models/house_wall
[12.828s] -- Installing: /root/workspaces/ros2_ws/install/library_world/share/library_world//models/house_wall/model.sdf
[12.828s] -- Installing: /root/workspaces/ros2_ws/install/library_world/share/library_world//models/house_wall/materials
[12.828s] -- Installing: /root/workspaces/ros2_ws/install/library_world/share/library_world//models/house_wall/materials/textures
[12.828s] -- Installing: /root/workspaces/ros2_ws/install/library_world/share/library_world//models/house_wall/materials/textures/aws_HouseWallB_01.png
[12.862s] -- Installing: /root/workspaces/ros2_ws/install/library_world/share/library_world//models/house_wall/model.config
[12.892s] -- Installing: /root/workspaces/ros2_ws/install/library_world/share/library_world//models/house_wall/meshes
[12.916s] -- Installing: /root/workspaces/ros2_ws/install/library_world/share/library_world//models/house_wall/meshes/house_wall_collision.DAE
[12.974s] -- Installing: /root/workspaces/ros2_ws/install/library_world/share/library_world//models/house_wall/meshes/house_wall_visual.DAE
[13.032s] -- Installing: /root/workspaces/ros2_ws/install/library_world/share/library_world//models/book
[13.054s] -- Installing: /root/workspaces/ros2_ws/install/library_world/share/library_world//models/book/model.sdf
[13.098s] -- Installing: /root/workspaces/ros2_ws/install/library_world/share/library_world//models/book/materials
[13.121s] -- Installing: /root/workspaces/ros2_ws/install/library_world/share/library_world//models/book/materials/textures
[13.150s] -- Installing: /root/workspaces/ros2_ws/install/library_world/share/library_world//models/book/materials/textures/aws_BookD_01.png
[13.207s] -- Installing: /root/workspaces/ros2_ws/install/library_world/share/library_world//models/book/model.config
[13.249s] -- Installing: /root/workspaces/ros2_ws/install/library_world/share/library_world//models/book/meshes
[13.274s] -- Installing: /root/workspaces/ros2_ws/install/library_world/share/library_world//models/book/meshes/book_visual.DAE
[13.338s] -- Installing: /root/workspaces/ros2_ws/install/library_world/share/library_world//models/book/meshes/book_collision.DAE
[13.382s] -- Installing: /root/workspaces/ros2_ws/install/library_world/share/library_world//models/bookcase
[13.404s] -- Installing: /root/workspaces/ros2_ws/install/library_world/share/library_world//models/bookcase/model.sdf
[13.452s] -- Installing: /root/workspaces/ros2_ws/install/library_world/share/library_world//models/bookcase/model.config
[13.495s] -- Installing: /root/workspaces/ros2_ws/install/library_world/share/library_world//models/bookcase/meshes
[13.528s] -- Installing: /root/workspaces/ros2_ws/install/library_world/share/library_world//models/bookcase/meshes/bookcase.dae
[13.569s] -- Installing: /root/workspaces/ros2_ws/install/library_world/share/library_world//models/desk
[13.591s] -- Installing: /root/workspaces/ros2_ws/install/library_world/share/library_world//models/desk/model.sdf
[13.638s] -- Installing: /root/workspaces/ros2_ws/install/library_world/share/library_world//models/desk/materials
[13.661s] -- Installing: /root/workspaces/ros2_ws/install/library_world/share/library_world//models/desk/materials/textures
[13.689s] -- Installing: /root/workspaces/ros2_ws/install/library_world/share/library_world//models/desk/materials/textures/aws_DeskB_01.png
[13.828s] -- Installing: /root/workspaces/ros2_ws/install/library_world/share/library_world//models/desk/model.config
[13.866s] -- Installing: /root/workspaces/ros2_ws/install/library_world/share/library_world//models/desk/meshes
[13.891s] -- Installing: /root/workspaces/ros2_ws/install/library_world/share/library_world//models/desk/meshes/desk_visual.DAE
[13.963s] -- Installing: /root/workspaces/ros2_ws/install/library_world/share/library_world//models/desk/meshes/desk_collision.DAE
[14.012s] -- Installing: /root/workspaces/ros2_ws/install/library_world/share/library_world//models/chair
[14.046s] -- Installing: /root/workspaces/ros2_ws/install/library_world/share/library_world//models/chair/model.sdf
[14.084s] -- Installing: /root/workspaces/ros2_ws/install/library_world/share/library_world//models/chair/materials
[14.112s] -- Installing: /root/workspaces/ros2_ws/install/library_world/share/library_world//models/chair/materials/textures
[14.151s] -- Installing: /root/workspaces/ros2_ws/install/library_world/share/library_world//models/chair/materials/textures/aws_ChairB_01.png
[14.270s] -- Installing: /root/workspaces/ros2_ws/install/library_world/share/library_world//models/chair/model.config
[14.323s] -- Installing: /root/workspaces/ros2_ws/install/library_world/share/library_world//models/chair/meshes
[14.366s] -- Installing: /root/workspaces/ros2_ws/install/library_world/share/library_world//models/chair/meshes/chair_visual.DAE
[14.429s] -- Installing: /root/workspaces/ros2_ws/install/library_world/share/library_world//models/chair/meshes/chair_collision.DAE
[14.474s] -- Installing: /root/workspaces/ros2_ws/install/library_world/share/library_world//models/bookshelf_c
[14.497s] -- Installing: /root/workspaces/ros2_ws/install/library_world/share/library_world//models/bookshelf_c/model.sdf
[14.547s] -- Installing: /root/workspaces/ros2_ws/install/library_world/share/library_world//models/bookshelf_c/materials
[14.578s] -- Installing: /root/workspaces/ros2_ws/install/library_world/share/library_world//models/bookshelf_c/materials/textures
[14.608s] -- Installing: /root/workspaces/ros2_ws/install/library_world/share/library_world//models/bookshelf_c/materials/textures/aws_DeskA_02.png
[14.707s] -- Installing: /root/workspaces/ros2_ws/install/library_world/share/library_world//models/bookshelf_c/materials/textures/aws_DeskA_01.png
[14.837s] -- Installing: /root/workspaces/ros2_ws/install/library_world/share/library_world//models/bookshelf_c/materials/textures/aws_DeskA_03.png
[14.901s] -- Installing: /root/workspaces/ros2_ws/install/library_world/share/library_world//models/bookshelf_c/model.config
[14.951s] -- Installing: /root/workspaces/ros2_ws/install/library_world/share/library_world//models/bookshelf_c/meshes
[14.976s] -- Installing: /root/workspaces/ros2_ws/install/library_world/share/library_world//models/bookshelf_c/meshes/aws_DeskA_01_collision.DAE
[15.015s] -- Installing: /root/workspaces/ros2_ws/install/library_world/share/library_world//models/bookshelf_c/meshes/aws_DeskA_01_visual.DAE
[15.158s] -- Installing: /root/workspaces/ros2_ws/install/library_world/share/ament_index/resource_index/package_run_dependencies/library_world
[15.222s] -- Installing: /root/workspaces/ros2_ws/install/library_world/share/ament_index/resource_index/parent_prefix_path/library_world
[15.280s] -- Installing: /root/workspaces/ros2_ws/install/library_world/share/library_world/environment/ament_prefix_path.sh
[15.331s] -- Installing: /root/workspaces/ros2_ws/install/library_world/share/library_world/environment/ament_prefix_path.dsv
[15.375s] -- Installing: /root/workspaces/ros2_ws/install/library_world/share/library_world/environment/path.sh
[15.419s] -- Installing: /root/workspaces/ros2_ws/install/library_world/share/library_world/environment/path.dsv
[15.467s] -- Installing: /root/workspaces/ros2_ws/install/library_world/share/library_world/local_setup.bash
[15.515s] -- Installing: /root/workspaces/ros2_ws/install/library_world/share/library_world/local_setup.sh
[15.562s] -- Installing: /root/workspaces/ros2_ws/install/library_world/share/library_world/local_setup.zsh
[15.611s] -- Installing: /root/workspaces/ros2_ws/install/library_world/share/library_world/local_setup.dsv
[15.660s] -- Installing: /root/workspaces/ros2_ws/install/library_world/share/library_world/package.dsv
[15.723s] -- Installing: /root/workspaces/ros2_ws/install/library_world/share/ament_index/resource_index/packages/library_world
[15.780s] -- Installing: /root/workspaces/ros2_ws/install/library_world/share/library_world/cmake/library_worldConfig.cmake
[15.828s] -- Installing: /root/workspaces/ros2_ws/install/library_world/share/library_world/cmake/library_worldConfig-version.cmake
[15.874s] -- Installing: /root/workspaces/ros2_ws/install/library_world/share/library_world/package.xml
[15.932s] Invoked command in '/root/workspaces/ros2_ws/build/library_world' returned '0': CMAKE_PREFIX_PATH=${CMAKE_PREFIX_PATH}:/opt/ros/jazzy /usr/bin/cmake --install /root/workspaces/ros2_ws/build/library_world
