[0.336s] Invoking command in '/root/workspaces/ros2_ws/build/ffw_navigation': CMAKE_PREFIX_PATH=${CMAKE_PREFIX_PATH}:/opt/ros/jazzy /usr/bin/cmake /root/workspaces/ros2_ws/src/ai-worker-sim/ffw_navigation -DCMAKE_INSTALL_PREFIX=/root/workspaces/ros2_ws/install/ffw_navigation
[0.597s] -- The C compiler identification is GNU 13.3.0
[0.823s] -- The CXX compiler identification is GNU 13.3.0
[0.897s] -- Detecting C compiler ABI info
[1.813s] -- Detecting C compiler ABI info - done
[1.822s] -- Check for working C compiler: /usr/bin/cc - skipped
[1.822s] -- Detecting C compile features
[1.822s] -- Detecting C compile features - done
[1.894s] -- Detecting CXX compiler ABI info
[2.826s] -- Detecting CXX compiler ABI info - done
[2.839s] -- Check for working CXX compiler: /usr/bin/c++ - skipped
[2.843s] -- Detecting CXX compile features
[2.843s] -- Detecting CXX compile features - done
[2.950s] -- Found ament_cmake: 2.5.6 (/opt/ros/jazzy/share/ament_cmake/cmake)
[3.268s] -- Found Python3: /usr/bin/python3 (found version "3.12.3") found components: Interpreter 
[4.270s] -- Found behaviortree_cpp: 4.9.0 (/opt/ros/jazzy/share/behaviortree_cpp/cmake)
[4.378s] -- Found nav_msgs: 5.3.8 (/opt/ros/jazzy/share/nav_msgs/cmake)
[4.841s] -- Found rosidl_generator_c: 4.6.9 (/opt/ros/jazzy/share/rosidl_generator_c/cmake)
[4.996s] -- Found rosidl_generator_cpp: 4.6.9 (/opt/ros/jazzy/share/rosidl_generator_cpp/cmake)
[5.171s] -- Using all available rosidl_typesupport_c: rosidl_typesupport_fastrtps_c;rosidl_typesupport_introspection_c
[5.340s] -- Using all available rosidl_typesupport_cpp: rosidl_typesupport_fastrtps_cpp;rosidl_typesupport_introspection_cpp
[5.747s] -- Found rclcpp: 28.1.21 (/opt/ros/jazzy/share/rclcpp/cmake)
[6.142s] -- Found rmw_implementation_cmake: 7.3.3 (/opt/ros/jazzy/share/rmw_implementation_cmake/cmake)
[6.222s] -- Found rmw_fastrtps_cpp: 8.4.4 (/opt/ros/jazzy/share/rmw_fastrtps_cpp/cmake)
[6.609s] -- Found OpenSSL: /usr/lib/x86_64-linux-gnu/libcrypto.so (found version "3.0.13")  
[6.649s] -- Found FastRTPS: /opt/ros/jazzy/include (Required is at least version "2.13") 
[6.702s] -- Using RMW implementation 'rmw_fastrtps_cpp' as default
[7.757s] -- Configuring done (7.4s)
[8.683s] -- Generating done (0.8s)
[9.054s] -- Build files have been written to: /root/workspaces/ros2_ws/build/ffw_navigation
[9.054s] Invoked command in '/root/workspaces/ros2_ws/build/ffw_navigation' returned '0': CMAKE_PREFIX_PATH=${CMAKE_PREFIX_PATH}:/opt/ros/jazzy /usr/bin/cmake /root/workspaces/ros2_ws/src/ai-worker-sim/ffw_navigation -DCMAKE_INSTALL_PREFIX=/root/workspaces/ros2_ws/install/ffw_navigation
[9.054s] Invoking command in '/root/workspaces/ros2_ws/build/ffw_navigation': CMAKE_PREFIX_PATH=${CMAKE_PREFIX_PATH}:/opt/ros/jazzy /usr/bin/cmake --build /root/workspaces/ros2_ws/build/ffw_navigation -- -j4 -l4
[9.276s] [ 50%] [32mBuilding CXX object CMakeFiles/is_path_length_under_plugin.dir/src/is_path_length_under.cpp.o[0m
[12.046s] [100%] [32m[1mLinking CXX shared library libis_path_length_under_plugin.so[0m
[12.460s] [100%] Built target is_path_length_under_plugin
[12.671s] Invoked command in '/root/workspaces/ros2_ws/build/ffw_navigation' returned '0': CMAKE_PREFIX_PATH=${CMAKE_PREFIX_PATH}:/opt/ros/jazzy /usr/bin/cmake --build /root/workspaces/ros2_ws/build/ffw_navigation -- -j4 -l4
[12.685s] Invoking command in '/root/workspaces/ros2_ws/build/ffw_navigation': CMAKE_PREFIX_PATH=${CMAKE_PREFIX_PATH}:/opt/ros/jazzy /usr/bin/cmake --install /root/workspaces/ros2_ws/build/ffw_navigation
[12.719s] -- Install configuration: ""
[12.740s] -- Installing: /root/workspaces/ros2_ws/install/ffw_navigation/lib/libis_path_length_under_plugin.so
[12.858s] -- Set non-toolchain portion of runtime path of "/root/workspaces/ros2_ws/install/ffw_navigation/lib/libis_path_length_under_plugin.so" to ""
[12.875s] -- Installing: /root/workspaces/ros2_ws/install/ffw_navigation/share/ffw_navigation/launch
[12.901s] -- Installing: /root/workspaces/ros2_ws/install/ffw_navigation/share/ffw_navigation/launch/navigation.launch.py
[12.944s] -- Installing: /root/workspaces/ros2_ws/install/ffw_navigation/share/ffw_navigation/launch/online_sync_launch.py
[12.989s] -- Installing: /root/workspaces/ros2_ws/install/ffw_navigation/share/ffw_navigation/rviz
[13.016s] -- Installing: /root/workspaces/ros2_ws/install/ffw_navigation/share/ffw_navigation/rviz/navigation.rviz
[13.060s] -- Installing: /root/workspaces/ros2_ws/install/ffw_navigation/share/ffw_navigation/rviz/mapping.rviz
[13.105s] -- Installing: /root/workspaces/ros2_ws/install/ffw_navigation/share/ffw_navigation/config
[13.129s] -- Installing: /root/workspaces/ros2_ws/install/ffw_navigation/share/ffw_navigation/config/navigation_mppi.yaml
[13.175s] -- Installing: /root/workspaces/ros2_ws/install/ffw_navigation/share/ffw_navigation/config/bt
[13.201s] -- Installing: /root/workspaces/ros2_ws/install/ffw_navigation/share/ffw_navigation/config/bt/nav_modes.xml
[13.244s] -- Installing: /root/workspaces/ros2_ws/install/ffw_navigation/share/ffw_navigation/config/navigation.yaml
[13.291s] -- Installing: /root/workspaces/ros2_ws/install/ffw_navigation/share/ffw_navigation/config/mapper_params_online_sync.yaml
[13.340s] -- Installing: /root/workspaces/ros2_ws/install/ffw_navigation/share/ffw_navigation/maps
[13.377s] -- Installing: /root/workspaces/ros2_ws/install/ffw_navigation/share/ffw_navigation/maps/map.pgm
[13.433s] -- Installing: /root/workspaces/ros2_ws/install/ffw_navigation/share/ffw_navigation/maps/map.yaml
[13.503s] -- Installing: /root/workspaces/ros2_ws/install/ffw_navigation/share/ffw_navigation/environment/library_path.sh
[13.547s] -- Installing: /root/workspaces/ros2_ws/install/ffw_navigation/share/ffw_navigation/environment/library_path.dsv
[13.629s] -- Installing: /root/workspaces/ros2_ws/install/ffw_navigation/share/ament_index/resource_index/package_run_dependencies/ffw_navigation
[13.694s] -- Installing: /root/workspaces/ros2_ws/install/ffw_navigation/share/ament_index/resource_index/parent_prefix_path/ffw_navigation
[13.740s] -- Installing: /root/workspaces/ros2_ws/install/ffw_navigation/share/ffw_navigation/environment/ament_prefix_path.sh
[13.786s] -- Installing: /root/workspaces/ros2_ws/install/ffw_navigation/share/ffw_navigation/environment/ament_prefix_path.dsv
[13.851s] -- Installing: /root/workspaces/ros2_ws/install/ffw_navigation/share/ffw_navigation/environment/path.sh
[13.875s] -- Installing: /root/workspaces/ros2_ws/install/ffw_navigation/share/ffw_navigation/environment/path.dsv
[13.932s] -- Installing: /root/workspaces/ros2_ws/install/ffw_navigation/share/ffw_navigation/local_setup.bash
[13.983s] -- Installing: /root/workspaces/ros2_ws/install/ffw_navigation/share/ffw_navigation/local_setup.sh
[14.028s] -- Installing: /root/workspaces/ros2_ws/install/ffw_navigation/share/ffw_navigation/local_setup.zsh
[14.084s] -- Installing: /root/workspaces/ros2_ws/install/ffw_navigation/share/ffw_navigation/local_setup.dsv
[14.131s] -- Installing: /root/workspaces/ros2_ws/install/ffw_navigation/share/ffw_navigation/package.dsv
[14.186s] -- Installing: /root/workspaces/ros2_ws/install/ffw_navigation/share/ament_index/resource_index/packages/ffw_navigation
[14.237s] -- Installing: /root/workspaces/ros2_ws/install/ffw_navigation/share/ffw_navigation/cmake/ament_cmake_export_libraries-extras.cmake
[14.295s] -- Installing: /root/workspaces/ros2_ws/install/ffw_navigation/share/ffw_navigation/cmake/ament_cmake_export_dependencies-extras.cmake
[14.339s] -- Installing: /root/workspaces/ros2_ws/install/ffw_navigation/share/ffw_navigation/cmake/ffw_navigationConfig.cmake
[14.396s] -- Installing: /root/workspaces/ros2_ws/install/ffw_navigation/share/ffw_navigation/cmake/ffw_navigationConfig-version.cmake
[14.456s] -- Installing: /root/workspaces/ros2_ws/install/ffw_navigation/share/ffw_navigation/package.xml
[14.490s] Invoked command in '/root/workspaces/ros2_ws/build/ffw_navigation' returned '0': CMAKE_PREFIX_PATH=${CMAKE_PREFIX_PATH}:/opt/ros/jazzy /usr/bin/cmake --install /root/workspaces/ros2_ws/build/ffw_navigation
