[0.226s] Invoking command in '/root/workspaces/ros2_ws/build/ffw_description': CMAKE_PREFIX_PATH=${CMAKE_PREFIX_PATH}:/opt/ros/jazzy /usr/bin/cmake --build /root/workspaces/ros2_ws/build/ffw_description -- -j4 -l4
[0.389s] Invoked command in '/root/workspaces/ros2_ws/build/ffw_description' returned '0': CMAKE_PREFIX_PATH=${CMAKE_PREFIX_PATH}:/opt/ros/jazzy /usr/bin/cmake --build /root/workspaces/ros2_ws/build/ffw_description -- -j4 -l4
[0.389s] Invoking command in '/root/workspaces/ros2_ws/build/ffw_description': CMAKE_PREFIX_PATH=${CMAKE_PREFIX_PATH}:/opt/ros/jazzy /usr/bin/cmake --install /root/workspaces/ros2_ws/build/ffw_description
[0.393s] -- Install configuration: ""
[0.394s] -- Up-to-date: /root/workspaces/ros2_ws/install/ffw_description/share/ffw_description/launch
[0.409s] -- Up-to-date: /root/workspaces/ros2_ws/install/ffw_description/share/ffw_description/launch/ffw_sg2_rev1.launch.py
[0.411s] -- Up-to-date: /root/workspaces/ros2_ws/install/ffw_description/share/ffw_description/meshes
[0.427s] -- Up-to-date: /root/workspaces/ros2_ws/install/ffw_description/share/ffw_description/meshes/common
[0.428s] -- Up-to-date: /root/workspaces/ros2_ws/install/ffw_description/share/ffw_description/meshes/common/hx5_d20
[0.453s] -- Up-to-date: /root/workspaces/ros2_ws/install/ffw_description/share/ffw_description/meshes/common/hx5_d20/hx5_d20_left
[0.474s] -- Up-to-date: /root/workspaces/ros2_ws/install/ffw_description/share/ffw_description/meshes/common/hx5_d20/hx5_d20_left/hx5_d20_base_unit.stl
[1.215s] -- Up-to-date: /root/workspaces/ros2_ws/install/ffw_description/share/ffw_description/meshes/common/hx5_d20/hx5_d20_left/hx5_d20_finger_mcp.stl
[1.227s] -- Up-to-date: /root/workspaces/ros2_ws/install/ffw_description/share/ffw_description/meshes/common/hx5_d20/hx5_d20_left/hx5_d20_thumb_ip.stl
[1.243s] -- Up-to-date: /root/workspaces/ros2_ws/install/ffw_description/share/ffw_description/meshes/common/hx5_d20/hx5_d20_left/hx5_d20_thumb_tip.stl
[1.268s] -- Up-to-date: /root/workspaces/ros2_ws/install/ffw_description/share/ffw_description/meshes/common/hx5_d20/hx5_d20_left/hx5_d20_finger_tip.stl
[1.292s] -- Up-to-date: /root/workspaces/ros2_ws/install/ffw_description/share/ffw_description/meshes/common/hx5_d20/hx5_d20_left/hx5_d20_finger_dip.stl
[1.323s] -- Up-to-date: /root/workspaces/ros2_ws/install/ffw_description/share/ffw_description/meshes/common/hx5_d20/hx5_d20_left/hx5_d20_thumb_mcp.stl
[1.327s] -- Up-to-date: /root/workspaces/ros2_ws/install/ffw_description/share/ffw_description/meshes/common/hx5_d20/hx5_d20_left/hx5_d20_finger_pip.stl
[1.354s] -- Up-to-date: /root/workspaces/ros2_ws/install/ffw_description/share/ffw_description/meshes/common/hx5_d20/hx5_d20_left/hx5_d20_thumb_mcp2.stl
[1.354s] -- Up-to-date: /root/workspaces/ros2_ws/install/ffw_description/share/ffw_description/meshes/common/hx5_d20/hx5_d20_right
[1.372s] -- Up-to-date: /root/workspaces/ros2_ws/install/ffw_description/share/ffw_description/meshes/common/hx5_d20/hx5_d20_right/hx5_d20_base_unit.stl
[1.372s] -- Up-to-date: /root/workspaces/ros2_ws/install/ffw_description/share/ffw_description/meshes/common/hx5_d20/hx5_d20_right/hx5_d20_finger_mcp.stl
[1.372s] -- Up-to-date: /root/workspaces/ros2_ws/install/ffw_description/share/ffw_description/meshes/common/hx5_d20/hx5_d20_right/hx5_d20_thumb_ip.stl
[1.372s] -- Up-to-date: /root/workspaces/ros2_ws/install/ffw_description/share/ffw_description/meshes/common/hx5_d20/hx5_d20_right/hx5_d20_thumb_tip.stl
[1.372s] -- Up-to-date: /root/workspaces/ros2_ws/install/ffw_description/share/ffw_description/meshes/common/hx5_d20/hx5_d20_right/hx5_d20_finger_tip.stl
[1.372s] -- Up-to-date: /root/workspaces/ros2_ws/install/ffw_description/share/ffw_description/meshes/common/hx5_d20/hx5_d20_right/hx5_d20_finger_dip.stl
[1.372s] -- Up-to-date: /root/workspaces/ros2_ws/install/ffw_description/share/ffw_description/meshes/common/hx5_d20/hx5_d20_right/hx5_d20_thumb_mcp.stl
[1.373s] -- Up-to-date: /root/workspaces/ros2_ws/install/ffw_description/share/ffw_description/meshes/common/hx5_d20/hx5_d20_right/hx5_d20_finger_pip.stl
[1.373s] -- Up-to-date: /root/workspaces/ros2_ws/install/ffw_description/share/ffw_description/meshes/common/hx5_d20/hx5_d20_right/hx5_d20_thumb_mcp2.stl
[1.373s] -- Up-to-date: /root/workspaces/ros2_ws/install/ffw_description/share/ffw_description/meshes/common/follower
[1.373s] -- Up-to-date: /root/workspaces/ros2_ws/install/ffw_description/share/ffw_description/meshes/common/follower/arm_r_link1.stl
[1.374s] -- Up-to-date: /root/workspaces/ros2_ws/install/ffw_description/share/ffw_description/meshes/common/follower/arm_l_link7.stl
[1.374s] -- Up-to-date: /root/workspaces/ros2_ws/install/ffw_description/share/ffw_description/meshes/common/follower/arm_r_link5.stl
[1.374s] -- Up-to-date: /root/workspaces/ros2_ws/install/ffw_description/share/ffw_description/meshes/common/follower/arm_l_link3.stl
[1.374s] -- Up-to-date: /root/workspaces/ros2_ws/install/ffw_description/share/ffw_description/meshes/common/follower/swerve
[1.374s] -- Up-to-date: /root/workspaces/ros2_ws/install/ffw_description/share/ffw_description/meshes/common/follower/swerve/base_mobile_assy.stl
[1.375s] -- Up-to-date: /root/workspaces/ros2_ws/install/ffw_description/share/ffw_description/meshes/common/follower/swerve/right_wheel_steer_link.stl
[1.375s] -- Up-to-date: /root/workspaces/ros2_ws/install/ffw_description/share/ffw_description/meshes/common/follower/swerve/left_wheel_drive_link.stl
[1.375s] -- Up-to-date: /root/workspaces/ros2_ws/install/ffw_description/share/ffw_description/meshes/common/follower/swerve/rear_wheel_steer_link.stl
[1.375s] -- Up-to-date: /root/workspaces/ros2_ws/install/ffw_description/share/ffw_description/meshes/common/follower/swerve/right_wheel_drive_link.stl
[1.375s] -- Up-to-date: /root/workspaces/ros2_ws/install/ffw_description/share/ffw_description/meshes/common/follower/swerve/rear_wheel_drive_link.stl
[1.375s] -- Up-to-date: /root/workspaces/ros2_ws/install/ffw_description/share/ffw_description/meshes/common/follower/swerve/lift_link.stl
[1.375s] -- Up-to-date: /root/workspaces/ros2_ws/install/ffw_description/share/ffw_description/meshes/common/follower/swerve/left_wheel_steer_link.stl
[1.375s] -- Up-to-date: /root/workspaces/ros2_ws/install/ffw_description/share/ffw_description/meshes/common/follower/head_link2.stl
[1.375s] -- Up-to-date: /root/workspaces/ros2_ws/install/ffw_description/share/ffw_description/meshes/common/follower/arm_r_link3.stl
[1.375s] -- Up-to-date: /root/workspaces/ros2_ws/install/ffw_description/share/ffw_description/meshes/common/follower/arm_l_link1.stl
[1.375s] -- Up-to-date: /root/workspaces/ros2_ws/install/ffw_description/share/ffw_description/meshes/common/follower/arm_r_link7.stl
[1.375s] -- Up-to-date: /root/workspaces/ros2_ws/install/ffw_description/share/ffw_description/meshes/common/follower/arm_l_link5.stl
[1.375s] -- Up-to-date: /root/workspaces/ros2_ws/install/ffw_description/share/ffw_description/meshes/common/follower/head_link1.stl
[1.375s] -- Up-to-date: /root/workspaces/ros2_ws/install/ffw_description/share/ffw_description/meshes/common/follower/zedm.stl
[1.376s] -- Up-to-date: /root/workspaces/ros2_ws/install/ffw_description/share/ffw_description/meshes/common/follower/arm_r_link2.stl
[1.376s] -- Up-to-date: /root/workspaces/ros2_ws/install/ffw_description/share/ffw_description/meshes/common/follower/arm_r_link6.stl
[1.376s] -- Up-to-date: /root/workspaces/ros2_ws/install/ffw_description/share/ffw_description/meshes/common/follower/body_arm_assy.stl
[1.376s] -- Up-to-date: /root/workspaces/ros2_ws/install/ffw_description/share/ffw_description/meshes/common/follower/arm_l_link4.stl
[1.376s] -- Up-to-date: /root/workspaces/ros2_ws/install/ffw_description/share/ffw_description/meshes/common/follower/arm_r_link4.stl
[1.376s] -- Up-to-date: /root/workspaces/ros2_ws/install/ffw_description/share/ffw_description/meshes/common/follower/base
[1.376s] -- Up-to-date: /root/workspaces/ros2_ws/install/ffw_description/share/ffw_description/meshes/common/follower/base/base_mobile_assy.stl
[1.376s] -- Up-to-date: /root/workspaces/ros2_ws/install/ffw_description/share/ffw_description/meshes/common/follower/arm_l_link2.stl
[1.376s] -- Up-to-date: /root/workspaces/ros2_ws/install/ffw_description/share/ffw_description/meshes/common/follower/arm_l_link6.stl
[1.376s] -- Up-to-date: /root/workspaces/ros2_ws/install/ffw_description/share/ffw_description/meshes/common/rh_p12_rn_a
[1.376s] -- Up-to-date: /root/workspaces/ros2_ws/install/ffw_description/share/ffw_description/meshes/common/rh_p12_rn_a/r1.stl
[1.376s] -- Up-to-date: /root/workspaces/ros2_ws/install/ffw_description/share/ffw_description/meshes/common/rh_p12_rn_a/base.stl
[1.376s] -- Up-to-date: /root/workspaces/ros2_ws/install/ffw_description/share/ffw_description/meshes/common/rh_p12_rn_a/l1.stl
[1.377s] -- Up-to-date: /root/workspaces/ros2_ws/install/ffw_description/share/ffw_description/meshes/common/rh_p12_rn_a/r2.stl
[1.377s] -- Up-to-date: /root/workspaces/ros2_ws/install/ffw_description/share/ffw_description/meshes/common/rh_p12_rn_a/l2.stl
[1.377s] -- Up-to-date: /root/workspaces/ros2_ws/install/ffw_description/share/ffw_description/rviz
[1.377s] -- Up-to-date: /root/workspaces/ros2_ws/install/ffw_description/share/ffw_description/rviz/ffw_sh5.rviz
[1.377s] -- Up-to-date: /root/workspaces/ros2_ws/install/ffw_description/share/ffw_description/rviz/ffw_sg2.rviz
[1.406s] -- Up-to-date: /root/workspaces/ros2_ws/install/ffw_description/share/ffw_description/urdf
[1.406s] -- Up-to-date: /root/workspaces/ros2_ws/install/ffw_description/share/ffw_description/urdf/ffw_sh5_rev1_follower
[1.406s] -- Up-to-date: /root/workspaces/ros2_ws/install/ffw_description/share/ffw_description/urdf/ffw_sh5_rev1_follower/ffw_sh5_follower.urdf.xacro
[1.406s] -- Up-to-date: /root/workspaces/ros2_ws/install/ffw_description/share/ffw_description/urdf/common
[1.406s] -- Up-to-date: /root/workspaces/ros2_ws/install/ffw_description/share/ffw_description/urdf/common/hx5_d20
[1.406s] -- Up-to-date: /root/workspaces/ros2_ws/install/ffw_description/share/ffw_description/urdf/common/hx5_d20/hx5_d20_right.urdf
[1.406s] -- Up-to-date: /root/workspaces/ros2_ws/install/ffw_description/share/ffw_description/urdf/common/hx5_d20/hx5_d20_left.urdf.xacro
[1.406s] -- Up-to-date: /root/workspaces/ros2_ws/install/ffw_description/share/ffw_description/urdf/common/hx5_d20/hx5_d20_right.urdf.xacro
[1.407s] -- Up-to-date: /root/workspaces/ros2_ws/install/ffw_description/share/ffw_description/urdf/common/hx5_d20/hx5_d20_left.urdf
[1.407s] -- Up-to-date: /root/workspaces/ros2_ws/install/ffw_description/share/ffw_description/urdf/common/follower
[1.407s] -- Up-to-date: /root/workspaces/ros2_ws/install/ffw_description/share/ffw_description/urdf/common/follower/ffw_follower_body.xacro
[1.407s] -- Up-to-date: /root/workspaces/ros2_ws/install/ffw_description/share/ffw_description/urdf/common/follower/zedm.urdf.xacro
[1.407s] -- Up-to-date: /root/workspaces/ros2_ws/install/ffw_description/share/ffw_description/urdf/common/leader
[1.407s] -- Up-to-date: /root/workspaces/ros2_ws/install/ffw_description/share/ffw_description/urdf/common/leader/ffw_leader_body.urdf.xacro
[1.407s] -- Up-to-date: /root/workspaces/ros2_ws/install/ffw_description/share/ffw_description/urdf/common/rh_p12_rn_a
[1.407s] -- Up-to-date: /root/workspaces/ros2_ws/install/ffw_description/share/ffw_description/urdf/common/rh_p12_rn_a/rh_p12_rn_a.urdf.xacro
[1.407s] -- Up-to-date: /root/workspaces/ros2_ws/install/ffw_description/share/ffw_description/gazebo
[1.412s] -- Up-to-date: /root/workspaces/ros2_ws/install/ffw_description/share/ffw_description/gazebo/ffw_sh5_rev1_follower
[1.424s] -- Up-to-date: /root/workspaces/ros2_ws/install/ffw_description/share/ffw_description/gazebo/ffw_sh5_rev1_follower/ffw_sh5_follower.gazebo.xacro
[1.446s] -- Up-to-date: /root/workspaces/ros2_ws/install/ffw_description/share/ffw_description/ros2_control
[1.454s] -- Up-to-date: /root/workspaces/ros2_ws/install/ffw_description/share/ffw_description/ros2_control/ffw_sh5_rev1_follower
[1.454s] -- Up-to-date: /root/workspaces/ros2_ws/install/ffw_description/share/ffw_description/ros2_control/ffw_sh5_rev1_follower/ffw_sh5_follower.ros2_control.xacro
[1.458s] -- Up-to-date: /root/workspaces/ros2_ws/install/ffw_description/share/ffw_description/ros2_control/ffw_sh5_rev1_follower/ffw_sh5_sensor.ros2_control.xacro
[1.463s] -- Up-to-date: /root/workspaces/ros2_ws/install/ffw_description/share/ffw_description/ros2_control/ffw_sh5_rev1_follower/ffw_sh5_base.ros2_control.xacro
[1.466s] -- Up-to-date: /root/workspaces/ros2_ws/install/ffw_description/share/ament_index/resource_index/package_run_dependencies/ffw_description
[1.471s] -- Up-to-date: /root/workspaces/ros2_ws/install/ffw_description/share/ament_index/resource_index/parent_prefix_path/ffw_description
[1.481s] -- Up-to-date: /root/workspaces/ros2_ws/install/ffw_description/share/ffw_description/environment/ament_prefix_path.sh
[1.494s] -- Up-to-date: /root/workspaces/ros2_ws/install/ffw_description/share/ffw_description/environment/ament_prefix_path.dsv
[1.502s] -- Up-to-date: /root/workspaces/ros2_ws/install/ffw_description/share/ffw_description/environment/path.sh
[1.507s] -- Up-to-date: /root/workspaces/ros2_ws/install/ffw_description/share/ffw_description/environment/path.dsv
[1.521s] -- Up-to-date: /root/workspaces/ros2_ws/install/ffw_description/share/ffw_description/local_setup.bash
[1.530s] -- Up-to-date: /root/workspaces/ros2_ws/install/ffw_description/share/ffw_description/local_setup.sh
[1.544s] -- Up-to-date: /root/workspaces/ros2_ws/install/ffw_description/share/ffw_description/local_setup.zsh
[1.554s] -- Up-to-date: /root/workspaces/ros2_ws/install/ffw_description/share/ffw_description/local_setup.dsv
[1.559s] -- Installing: /root/workspaces/ros2_ws/install/ffw_description/share/ffw_description/package.dsv
[1.572s] -- Up-to-date: /root/workspaces/ros2_ws/install/ffw_description/share/ament_index/resource_index/packages/ffw_description
[1.590s] -- Up-to-date: /root/workspaces/ros2_ws/install/ffw_description/share/ffw_description/cmake/ffw_descriptionConfig.cmake
[1.608s] -- Up-to-date: /root/workspaces/ros2_ws/install/ffw_description/share/ffw_description/cmake/ffw_descriptionConfig-version.cmake
[1.638s] -- Up-to-date: /root/workspaces/ros2_ws/install/ffw_description/share/ffw_description/package.xml
[1.769s] Invoked command in '/root/workspaces/ros2_ws/build/ffw_description' returned '0': CMAKE_PREFIX_PATH=${CMAKE_PREFIX_PATH}:/opt/ros/jazzy /usr/bin/cmake --install /root/workspaces/ros2_ws/build/ffw_description
