/root/workspaces/ros2_ws/install/ffw_bringup/lib/python3.12/site-packages/ffw_bringup/head_eef_tracker.py
/root/workspaces/ros2_ws/install/ffw_bringup/lib/python3.12/site-packages/ffw_bringup/__init__.py
/root/workspaces/ros2_ws/install/ffw_bringup/lib/python3.12/site-packages/ffw_bringup/joint_trajectory_executor.py
/root/workspaces/ros2_ws/install/ffw_bringup/lib/python3.12/site-packages/ffw_bringup/__pycache__/head_eef_tracker.cpython-312.pyc
/root/workspaces/ros2_ws/install/ffw_bringup/lib/python3.12/site-packages/ffw_bringup/__pycache__/__init__.cpython-312.pyc
/root/workspaces/ros2_ws/install/ffw_bringup/lib/python3.12/site-packages/ffw_bringup/__pycache__/joint_trajectory_executor.cpython-312.pyc
/root/workspaces/ros2_ws/install/ffw_bringup/share/ament_index/resource_index/packages/ffw_bringup
/root/workspaces/ros2_ws/install/ffw_bringup/share/ffw_bringup/package.xml
/root/workspaces/ros2_ws/install/ffw_bringup/share/ffw_bringup/launch/ffw_sh5_warehouse_storage_launch.launch.py
/root/workspaces/ros2_ws/install/ffw_bringup/share/ffw_bringup/launch/ffw_sh5_warehouse_logistics_launch.launch.py
/root/workspaces/ros2_ws/install/ffw_bringup/share/ffw_bringup/launch/ffw_sh5_warehouse_distribution_launch.launch.py
/root/workspaces/ros2_ws/install/ffw_bringup/share/ffw_bringup/launch/ffw_sh5_follower_ai_gazebo.launch.py
/root/workspaces/ros2_ws/install/ffw_bringup/share/ffw_bringup/config/ffw_bg2_rev2_follower
/root/workspaces/ros2_ws/install/ffw_bringup/share/ffw_bringup/config/ffw_bg2_rev3_follower
/root/workspaces/ros2_ws/install/ffw_bringup/share/ffw_bringup/config/ffw_bg2_rev4_follower
/root/workspaces/ros2_ws/install/ffw_bringup/share/ffw_bringup/config/ffw_bh5_rev1_follower
/root/workspaces/ros2_ws/install/ffw_bringup/share/ffw_bringup/config/ffw_sg2_rev1_follower
/root/workspaces/ros2_ws/install/ffw_bringup/share/ffw_bringup/config/ffw_lg2_leader
/root/workspaces/ros2_ws/install/ffw_bringup/share/ffw_bringup/config/ffw_sh5_rev1_follower/ffw_sh5_follower_initial_positions.yaml
/root/workspaces/ros2_ws/install/ffw_bringup/share/ffw_bringup/config/ffw_sh5_rev1_follower/ffw_sh5_follower_ai_hardware_controller.yaml
/root/workspaces/ros2_ws/install/ffw_bringup/share/ffw_bringup/config/common/gz_bridge.yaml
/root/workspaces/ros2_ws/install/ffw_bringup/share/ffw_bringup/worlds/default.sdf
/root/workspaces/ros2_ws/install/ffw_bringup/share/ffw_bringup/worlds/empty_world.sdf
/root/workspaces/ros2_ws/install/ffw_bringup/lib/python3.12/site-packages/ffw_bringup-1.2.0-py3.12.egg-info/top_level.txt
/root/workspaces/ros2_ws/install/ffw_bringup/lib/python3.12/site-packages/ffw_bringup-1.2.0-py3.12.egg-info/entry_points.txt
/root/workspaces/ros2_ws/install/ffw_bringup/lib/python3.12/site-packages/ffw_bringup-1.2.0-py3.12.egg-info/SOURCES.txt
/root/workspaces/ros2_ws/install/ffw_bringup/lib/python3.12/site-packages/ffw_bringup-1.2.0-py3.12.egg-info/requires.txt
/root/workspaces/ros2_ws/install/ffw_bringup/lib/python3.12/site-packages/ffw_bringup-1.2.0-py3.12.egg-info/dependency_links.txt
/root/workspaces/ros2_ws/install/ffw_bringup/lib/python3.12/site-packages/ffw_bringup-1.2.0-py3.12.egg-info/PKG-INFO
/root/workspaces/ros2_ws/install/ffw_bringup/lib/python3.12/site-packages/ffw_bringup-1.2.0-py3.12.egg-info/zip-safe
/root/workspaces/ros2_ws/install/ffw_bringup/lib/ffw_bringup/head_eef_tracker
/root/workspaces/ros2_ws/install/ffw_bringup/lib/ffw_bringup/joint_trajectory_executor
