[5.903s] Invoking command in '/root/workspaces/ros2_ws/src/ai-worker-sim/ffw_teleop': PYTHONPATH=/root/workspaces/ros2_ws/build/ffw_teleop/prefix_override:/usr/lib/python3/dist-packages/colcon_core/task/python/colcon_distutils_commands:/root/workspaces/ros2_ws/install/ffw_teleop/lib/python3.12/site-packages:${PYTHONPATH} /usr/bin/python3 -W ignore:setup.py install is deprecated -W ignore:easy_install command is deprecated setup.py egg_info --egg-base ../../../build/ffw_teleop build --build-base /root/workspaces/ros2_ws/build/ffw_teleop/build install --record /root/workspaces/ros2_ws/build/ffw_teleop/install.log --install-scripts $base/lib/ffw_teleop --single-version-externally-managed install_data
[7.206s] running egg_info
[7.308s] writing ../../../build/ffw_teleop/ffw_teleop.egg-info/PKG-INFO
[7.333s] writing dependency_links to ../../../build/ffw_teleop/ffw_teleop.egg-info/dependency_links.txt
[7.338s] writing entry points to ../../../build/ffw_teleop/ffw_teleop.egg-info/entry_points.txt
[7.359s] writing requirements to ../../../build/ffw_teleop/ffw_teleop.egg-info/requires.txt
[7.380s] writing top-level names to ../../../build/ffw_teleop/ffw_teleop.egg-info/top_level.txt
[7.526s] reading manifest file '../../../build/ffw_teleop/ffw_teleop.egg-info/SOURCES.txt'
[7.535s] writing manifest file '../../../build/ffw_teleop/ffw_teleop.egg-info/SOURCES.txt'
[7.548s] running build
[7.548s] running build_py
[7.557s] running install
[7.589s] running install_lib
[7.716s] running install_data
[7.734s] running install_egg_info
[7.819s] removing '/root/workspaces/ros2_ws/install/ffw_teleop/lib/python3.12/site-packages/ffw_teleop-1.2.0-py3.12.egg-info' (and everything under it)
[7.847s] Copying ../../../build/ffw_teleop/ffw_teleop.egg-info to /root/workspaces/ros2_ws/install/ffw_teleop/lib/python3.12/site-packages/ffw_teleop-1.2.0-py3.12.egg-info
[8.018s] running install_scripts
[8.685s] Installing keyborad_control script to /root/workspaces/ros2_ws/install/ffw_teleop/lib/ffw_teleop
[8.737s] Installing mobile_teleop script to /root/workspaces/ros2_ws/install/ffw_teleop/lib/ffw_teleop
[8.737s] writing list of installed files to '/root/workspaces/ros2_ws/build/ffw_teleop/install.log'
[8.865s] Invoked command in '/root/workspaces/ros2_ws/src/ai-worker-sim/ffw_teleop' returned '0': PYTHONPATH=/root/workspaces/ros2_ws/build/ffw_teleop/prefix_override:/usr/lib/python3/dist-packages/colcon_core/task/python/colcon_distutils_commands:/root/workspaces/ros2_ws/install/ffw_teleop/lib/python3.12/site-packages:${PYTHONPATH} /usr/bin/python3 -W ignore:setup.py install is deprecated -W ignore:easy_install command is deprecated setup.py egg_info --egg-base ../../../build/ffw_teleop build --build-base /root/workspaces/ros2_ws/build/ffw_teleop/build install --record /root/workspaces/ros2_ws/build/ffw_teleop/install.log --install-scripts $base/lib/ffw_teleop --single-version-externally-managed install_data
