-- Install configuration: ""
-- Up-to-date: /root/workspaces/ros2_ws/install/library_world/share/library_world//launch
-- Up-to-date: /root/workspaces/ros2_ws/install/library_world/share/library_world//launch/library_world_launch.py
-- Up-to-date: /root/workspaces/ros2_ws/install/library_world/share/library_world//world
-- Up-to-date: /root/workspaces/ros2_ws/install/library_world/share/library_world//world/library.sdf
-- Up-to-date: /root/workspaces/ros2_ws/install/library_world/share/library_world//models
-- Up-to-date: /root/workspaces/ros2_ws/install/library_world/share/library_world//models/bookshelf_d
-- Up-to-date: /root/workspaces/ros2_ws/install/library_world/share/library_world//models/bookshelf_d/model.sdf
-- Up-to-date: /root/workspaces/ros2_ws/install/library_world/share/library_world//models/bookshelf_d/materials
-- Up-to-date: /root/workspaces/ros2_ws/install/library_world/share/library_world//models/bookshelf_d/materials/textures
-- Up-to-date: /root/workspaces/ros2_ws/install/library_world/share/library_world//models/bookshelf_d/materials/textures/aws_BookshelfB_01.png
-- Up-to-date: /root/workspaces/ros2_ws/install/library_world/share/library_world//models/bookshelf_d/materials/textures/aws_BookshelfB_02.png
-- Up-to-date: /root/workspaces/ros2_ws/install/library_world/share/library_world//models/bookshelf_d/model.config
-- Up-to-date: /root/workspaces/ros2_ws/install/library_world/share/library_world//models/bookshelf_d/meshes
-- Up-to-date: /root/workspaces/ros2_ws/install/library_world/share/library_world//models/bookshelf_d/meshes/SHELVES.dae
-- Up-to-date: /root/workspaces/ros2_ws/install/library_world/share/library_world//models/floor
-- Up-to-date: /root/workspaces/ros2_ws/install/library_world/share/library_world//models/floor/model.sdf
-- Up-to-date: /root/workspaces/ros2_ws/install/library_world/share/library_world//models/floor/materials
-- Up-to-date: /root/workspaces/ros2_ws/install/library_world/share/library_world//models/floor/materials/textures
-- Up-to-date: /root/workspaces/ros2_ws/install/library_world/share/library_world//models/floor/materials/textures/aws_FloorB_01.png
-- Up-to-date: /root/workspaces/ros2_ws/install/library_world/share/library_world//models/floor/model.config
-- Up-to-date: /root/workspaces/ros2_ws/install/library_world/share/library_world//models/floor/meshes
-- Up-to-date: /root/workspaces/ros2_ws/install/library_world/share/library_world//models/floor/meshes/floor_collision.DAE
-- Up-to-date: /root/workspaces/ros2_ws/install/library_world/share/library_world//models/floor/meshes/floor_visual.DAE
-- Up-to-date: /root/workspaces/ros2_ws/install/library_world/share/library_world//models/bookshelf_b
-- Up-to-date: /root/workspaces/ros2_ws/install/library_world/share/library_world//models/bookshelf_b/model.sdf
-- Up-to-date: /root/workspaces/ros2_ws/install/library_world/share/library_world//models/bookshelf_b/materials
-- Up-to-date: /root/workspaces/ros2_ws/install/library_world/share/library_world//models/bookshelf_b/materials/textures
-- Up-to-date: /root/workspaces/ros2_ws/install/library_world/share/library_world//models/bookshelf_b/materials/textures/aws_BookshelfA_02.png
-- Up-to-date: /root/workspaces/ros2_ws/install/library_world/share/library_world//models/bookshelf_b/materials/textures/aws_BookshelfA_03.png
-- Up-to-date: /root/workspaces/ros2_ws/install/library_world/share/library_world//models/bookshelf_b/materials/textures/aws_BookshelfA_01.png
-- Up-to-date: /root/workspaces/ros2_ws/install/library_world/share/library_world//models/bookshelf_b/model.config
-- Up-to-date: /root/workspaces/ros2_ws/install/library_world/share/library_world//models/bookshelf_b/meshes
-- Up-to-date: /root/workspaces/ros2_ws/install/library_world/share/library_world//models/bookshelf_b/meshes/bookshelfb_collision.DAE
-- Up-to-date: /root/workspaces/ros2_ws/install/library_world/share/library_world//models/bookshelf_b/meshes/bookshelfb_visual.DAE
-- Up-to-date: /root/workspaces/ros2_ws/install/library_world/share/library_world//models/bookshelf_e
-- Up-to-date: /root/workspaces/ros2_ws/install/library_world/share/library_world//models/bookshelf_e/model.sdf
-- Up-to-date: /root/workspaces/ros2_ws/install/library_world/share/library_world//models/bookshelf_e/materials
-- Up-to-date: /root/workspaces/ros2_ws/install/library_world/share/library_world//models/bookshelf_e/materials/textures
-- Up-to-date: /root/workspaces/ros2_ws/install/library_world/share/library_world//models/bookshelf_e/materials/textures/aws_BookshelfC_01.png
-- Up-to-date: /root/workspaces/ros2_ws/install/library_world/share/library_world//models/bookshelf_e/model.config
-- Up-to-date: /root/workspaces/ros2_ws/install/library_world/share/library_world//models/bookshelf_e/meshes
-- Up-to-date: /root/workspaces/ros2_ws/install/library_world/share/library_world//models/bookshelf_e/meshes/bookshelfe_collision.DAE
-- Up-to-date: /root/workspaces/ros2_ws/install/library_world/share/library_world//models/bookshelf_e/meshes/bookshelfe_visual.DAE
-- Up-to-date: /root/workspaces/ros2_ws/install/library_world/share/library_world//models/etgah_logo
-- Up-to-date: /root/workspaces/ros2_ws/install/library_world/share/library_world//models/etgah_logo/model.sdf
-- Up-to-date: /root/workspaces/ros2_ws/install/library_world/share/library_world//models/etgah_logo/materials
-- Up-to-date: /root/workspaces/ros2_ws/install/library_world/share/library_world//models/etgah_logo/materials/textures
-- Up-to-date: /root/workspaces/ros2_ws/install/library_world/share/library_world//models/etgah_logo/materials/textures/logo.png
-- Up-to-date: /root/workspaces/ros2_ws/install/library_world/share/library_world//models/etgah_logo/model.config
-- Up-to-date: /root/workspaces/ros2_ws/install/library_world/share/library_world//models/sofa
-- Up-to-date: /root/workspaces/ros2_ws/install/library_world/share/library_world//models/sofa/model.sdf
-- Up-to-date: /root/workspaces/ros2_ws/install/library_world/share/library_world//models/sofa/materials
-- Up-to-date: /root/workspaces/ros2_ws/install/library_world/share/library_world//models/sofa/materials/textures
-- Up-to-date: /root/workspaces/ros2_ws/install/library_world/share/library_world//models/sofa/materials/textures/Wood1.jpg
-- Up-to-date: /root/workspaces/ros2_ws/install/library_world/share/library_world//models/sofa/materials/textures/Wood_Fine_AI_03-CW.jpg
-- Up-to-date: /root/workspaces/ros2_ws/install/library_world/share/library_world//models/sofa/model.config
-- Up-to-date: /root/workspaces/ros2_ws/install/library_world/share/library_world//models/sofa/meshes
-- Up-to-date: /root/workspaces/ros2_ws/install/library_world/share/library_world//models/sofa/meshes/Sofa3
-- Up-to-date: /root/workspaces/ros2_ws/install/library_world/share/library_world//models/sofa/meshes/Sofa3/Wood1.jpg
-- Up-to-date: /root/workspaces/ros2_ws/install/library_world/share/library_world//models/sofa/meshes/Sofa3/Wood_Fine_AI_03-CW.jpg
-- Up-to-date: /root/workspaces/ros2_ws/install/library_world/share/library_world//models/sofa/meshes/sofa.dae
-- Up-to-date: /root/workspaces/ros2_ws/install/library_world/share/library_world//models/bookshelf
-- Up-to-date: /root/workspaces/ros2_ws/install/library_world/share/library_world//models/bookshelf/model.sdf
-- Up-to-date: /root/workspaces/ros2_ws/install/library_world/share/library_world//models/bookshelf/materials
-- Up-to-date: /root/workspaces/ros2_ws/install/library_world/share/library_world//models/bookshelf/materials/textures
-- Up-to-date: /root/workspaces/ros2_ws/install/library_world/share/library_world//models/bookshelf/materials/textures/aws_BookshelfB_01.png
-- Up-to-date: /root/workspaces/ros2_ws/install/library_world/share/library_world//models/bookshelf/materials/textures/aws_BookshelfB_02.png
-- Up-to-date: /root/workspaces/ros2_ws/install/library_world/share/library_world//models/bookshelf/model.config
-- Up-to-date: /root/workspaces/ros2_ws/install/library_world/share/library_world//models/bookshelf/meshes
-- Up-to-date: /root/workspaces/ros2_ws/install/library_world/share/library_world//models/bookshelf/meshes/bookshelf_collision.DAE
-- Up-to-date: /root/workspaces/ros2_ws/install/library_world/share/library_world//models/bookshelf/meshes/bookshelf_visual.DAE
-- Up-to-date: /root/workspaces/ros2_ws/install/library_world/share/library_world//models/house_wall
-- Up-to-date: /root/workspaces/ros2_ws/install/library_world/share/library_world//models/house_wall/model.sdf
-- Up-to-date: /root/workspaces/ros2_ws/install/library_world/share/library_world//models/house_wall/materials
-- Up-to-date: /root/workspaces/ros2_ws/install/library_world/share/library_world//models/house_wall/materials/textures
-- Up-to-date: /root/workspaces/ros2_ws/install/library_world/share/library_world//models/house_wall/materials/textures/aws_HouseWallB_01.png
-- Up-to-date: /root/workspaces/ros2_ws/install/library_world/share/library_world//models/house_wall/model.config
-- Up-to-date: /root/workspaces/ros2_ws/install/library_world/share/library_world//models/house_wall/meshes
-- Up-to-date: /root/workspaces/ros2_ws/install/library_world/share/library_world//models/house_wall/meshes/house_wall_collision.DAE
-- Up-to-date: /root/workspaces/ros2_ws/install/library_world/share/library_world//models/house_wall/meshes/house_wall_visual.DAE
-- Up-to-date: /root/workspaces/ros2_ws/install/library_world/share/library_world//models/book
-- Up-to-date: /root/workspaces/ros2_ws/install/library_world/share/library_world//models/book/model.sdf
-- Up-to-date: /root/workspaces/ros2_ws/install/library_world/share/library_world//models/book/materials
-- Up-to-date: /root/workspaces/ros2_ws/install/library_world/share/library_world//models/book/materials/textures
-- Up-to-date: /root/workspaces/ros2_ws/install/library_world/share/library_world//models/book/materials/textures/aws_BookD_01.png
-- Up-to-date: /root/workspaces/ros2_ws/install/library_world/share/library_world//models/book/model.config
-- Up-to-date: /root/workspaces/ros2_ws/install/library_world/share/library_world//models/book/meshes
-- Up-to-date: /root/workspaces/ros2_ws/install/library_world/share/library_world//models/book/meshes/book_visual.DAE
-- Up-to-date: /root/workspaces/ros2_ws/install/library_world/share/library_world//models/book/meshes/book_collision.DAE
-- Up-to-date: /root/workspaces/ros2_ws/install/library_world/share/library_world//models/bookcase
-- Up-to-date: /root/workspaces/ros2_ws/install/library_world/share/library_world//models/bookcase/model.sdf
-- Up-to-date: /root/workspaces/ros2_ws/install/library_world/share/library_world//models/bookcase/model.config
-- Up-to-date: /root/workspaces/ros2_ws/install/library_world/share/library_world//models/bookcase/meshes
-- Up-to-date: /root/workspaces/ros2_ws/install/library_world/share/library_world//models/bookcase/meshes/bookcase.dae
-- Up-to-date: /root/workspaces/ros2_ws/install/library_world/share/library_world//models/desk
-- Up-to-date: /root/workspaces/ros2_ws/install/library_world/share/library_world//models/desk/model.sdf
-- Up-to-date: /root/workspaces/ros2_ws/install/library_world/share/library_world//models/desk/materials
-- Up-to-date: /root/workspaces/ros2_ws/install/library_world/share/library_world//models/desk/materials/textures
-- Up-to-date: /root/workspaces/ros2_ws/install/library_world/share/library_world//models/desk/materials/textures/aws_DeskB_01.png
-- Up-to-date: /root/workspaces/ros2_ws/install/library_world/share/library_world//models/desk/model.config
-- Up-to-date: /root/workspaces/ros2_ws/install/library_world/share/library_world//models/desk/meshes
-- Up-to-date: /root/workspaces/ros2_ws/install/library_world/share/library_world//models/desk/meshes/desk_visual.DAE
-- Up-to-date: /root/workspaces/ros2_ws/install/library_world/share/library_world//models/desk/meshes/desk_collision.DAE
-- Up-to-date: /root/workspaces/ros2_ws/install/library_world/share/library_world//models/chair
-- Up-to-date: /root/workspaces/ros2_ws/install/library_world/share/library_world//models/chair/model.sdf
-- Up-to-date: /root/workspaces/ros2_ws/install/library_world/share/library_world//models/chair/materials
-- Up-to-date: /root/workspaces/ros2_ws/install/library_world/share/library_world//models/chair/materials/textures
-- Up-to-date: /root/workspaces/ros2_ws/install/library_world/share/library_world//models/chair/materials/textures/aws_ChairB_01.png
-- Up-to-date: /root/workspaces/ros2_ws/install/library_world/share/library_world//models/chair/model.config
-- Up-to-date: /root/workspaces/ros2_ws/install/library_world/share/library_world//models/chair/meshes
-- Up-to-date: /root/workspaces/ros2_ws/install/library_world/share/library_world//models/chair/meshes/chair_visual.DAE
-- Up-to-date: /root/workspaces/ros2_ws/install/library_world/share/library_world//models/chair/meshes/chair_collision.DAE
-- Up-to-date: /root/workspaces/ros2_ws/install/library_world/share/library_world//models/bookshelf_c
-- Up-to-date: /root/workspaces/ros2_ws/install/library_world/share/library_world//models/bookshelf_c/model.sdf
-- Up-to-date: /root/workspaces/ros2_ws/install/library_world/share/library_world//models/bookshelf_c/materials
-- Up-to-date: /root/workspaces/ros2_ws/install/library_world/share/library_world//models/bookshelf_c/materials/textures
-- Up-to-date: /root/workspaces/ros2_ws/install/library_world/share/library_world//models/bookshelf_c/materials/textures/aws_DeskA_02.png
-- Up-to-date: /root/workspaces/ros2_ws/install/library_world/share/library_world//models/bookshelf_c/materials/textures/aws_DeskA_01.png
-- Up-to-date: /root/workspaces/ros2_ws/install/library_world/share/library_world//models/bookshelf_c/materials/textures/aws_DeskA_03.png
-- Up-to-date: /root/workspaces/ros2_ws/install/library_world/share/library_world//models/bookshelf_c/model.config
-- Up-to-date: /root/workspaces/ros2_ws/install/library_world/share/library_world//models/bookshelf_c/meshes
-- Up-to-date: /root/workspaces/ros2_ws/install/library_world/share/library_world//models/bookshelf_c/meshes/aws_DeskA_01_collision.DAE
-- Up-to-date: /root/workspaces/ros2_ws/install/library_world/share/library_world//models/bookshelf_c/meshes/aws_DeskA_01_visual.DAE
-- Up-to-date: /root/workspaces/ros2_ws/install/library_world/share/ament_index/resource_index/package_run_dependencies/library_world
-- Up-to-date: /root/workspaces/ros2_ws/install/library_world/share/ament_index/resource_index/parent_prefix_path/library_world
-- Up-to-date: /root/workspaces/ros2_ws/install/library_world/share/library_world/environment/ament_prefix_path.sh
-- Up-to-date: /root/workspaces/ros2_ws/install/library_world/share/library_world/environment/ament_prefix_path.dsv
-- Up-to-date: /root/workspaces/ros2_ws/install/library_world/share/library_world/environment/path.sh
-- Up-to-date: /root/workspaces/ros2_ws/install/library_world/share/library_world/environment/path.dsv
-- Up-to-date: /root/workspaces/ros2_ws/install/library_world/share/library_world/local_setup.bash
-- Up-to-date: /root/workspaces/ros2_ws/install/library_world/share/library_world/local_setup.sh
-- Up-to-date: /root/workspaces/ros2_ws/install/library_world/share/library_world/local_setup.zsh
-- Up-to-date: /root/workspaces/ros2_ws/install/library_world/share/library_world/local_setup.dsv
-- Installing: /root/workspaces/ros2_ws/install/library_world/share/library_world/package.dsv
-- Up-to-date: /root/workspaces/ros2_ws/install/library_world/share/ament_index/resource_index/packages/library_world
-- Up-to-date: /root/workspaces/ros2_ws/install/library_world/share/library_world/cmake/library_worldConfig.cmake
-- Up-to-date: /root/workspaces/ros2_ws/install/library_world/share/library_world/cmake/library_worldConfig-version.cmake
-- Up-to-date: /root/workspaces/ros2_ws/install/library_world/share/library_world/package.xml
