[0.979s] Invoking command in '/root/workspaces/ros2_ws/src/ai-worker-sim/ffw_teleop': PYTHONPATH=/root/workspaces/ros2_ws/build/ffw_teleop/prefix_override:/usr/lib/python3/dist-packages/colcon_core/task/python/colcon_distutils_commands:/root/workspaces/ros2_ws/install/ffw_teleop/lib/python3.12/site-packages:${PYTHONPATH} /usr/bin/python3 -W ignore:setup.py install is deprecated -W ignore:easy_install command is deprecated setup.py egg_info --egg-base ../../../build/ffw_teleop build --build-base /root/workspaces/ros2_ws/build/ffw_teleop/build install --record /root/workspaces/ros2_ws/build/ffw_teleop/install.log --install-scripts $base/lib/ffw_teleop --single-version-externally-managed install_data
[1.175s] running egg_info
[1.194s] creating ../../../build/ffw_teleop/ffw_teleop.egg-info
[1.199s] writing ../../../build/ffw_teleop/ffw_teleop.egg-info/PKG-INFO
[1.230s] writing dependency_links to ../../../build/ffw_teleop/ffw_teleop.egg-info/dependency_links.txt
[1.260s] writing entry points to ../../../build/ffw_teleop/ffw_teleop.egg-info/entry_points.txt
[1.264s] writing requirements to ../../../build/ffw_teleop/ffw_teleop.egg-info/requires.txt
[1.283s] writing top-level names to ../../../build/ffw_teleop/ffw_teleop.egg-info/top_level.txt
[1.305s] writing manifest file '../../../build/ffw_teleop/ffw_teleop.egg-info/SOURCES.txt'
[1.342s] reading manifest file '../../../build/ffw_teleop/ffw_teleop.egg-info/SOURCES.txt'
[1.351s] writing manifest file '../../../build/ffw_teleop/ffw_teleop.egg-info/SOURCES.txt'
[1.351s] running build
[1.352s] running build_py
[1.353s] creating /root/workspaces/ros2_ws/build/ffw_teleop/build
[1.359s] creating /root/workspaces/ros2_ws/build/ffw_teleop/build/lib
[1.365s] creating /root/workspaces/ros2_ws/build/ffw_teleop/build/lib/ffw_teleop
[1.384s] copying ffw_teleop/keyboard_control.py -> /root/workspaces/ros2_ws/build/ffw_teleop/build/lib/ffw_teleop
[1.397s] copying ffw_teleop/__init__.py -> /root/workspaces/ros2_ws/build/ffw_teleop/build/lib/ffw_teleop
[1.420s] copying ffw_teleop/mobile_teleop.py -> /root/workspaces/ros2_ws/build/ffw_teleop/build/lib/ffw_teleop
[1.443s] running install
[1.460s] running install_lib
[1.478s] creating /root/workspaces/ros2_ws/install/ffw_teleop/lib/python3.12/site-packages/ffw_teleop
[1.491s] copying /root/workspaces/ros2_ws/build/ffw_teleop/build/lib/ffw_teleop/keyboard_control.py -> /root/workspaces/ros2_ws/install/ffw_teleop/lib/python3.12/site-packages/ffw_teleop
[1.514s] copying /root/workspaces/ros2_ws/build/ffw_teleop/build/lib/ffw_teleop/__init__.py -> /root/workspaces/ros2_ws/install/ffw_teleop/lib/python3.12/site-packages/ffw_teleop
[1.536s] copying /root/workspaces/ros2_ws/build/ffw_teleop/build/lib/ffw_teleop/mobile_teleop.py -> /root/workspaces/ros2_ws/install/ffw_teleop/lib/python3.12/site-packages/ffw_teleop
[1.569s] byte-compiling /root/workspaces/ros2_ws/install/ffw_teleop/lib/python3.12/site-packages/ffw_teleop/keyboard_control.py to keyboard_control.cpython-312.pyc
[1.602s] byte-compiling /root/workspaces/ros2_ws/install/ffw_teleop/lib/python3.12/site-packages/ffw_teleop/__init__.py to __init__.cpython-312.pyc
[1.624s] byte-compiling /root/workspaces/ros2_ws/install/ffw_teleop/lib/python3.12/site-packages/ffw_teleop/mobile_teleop.py to mobile_teleop.cpython-312.pyc
[1.647s] running install_data
[1.652s] creating /root/workspaces/ros2_ws/install/ffw_teleop/share/ament_index
[1.660s] creating /root/workspaces/ros2_ws/install/ffw_teleop/share/ament_index/resource_index
[1.661s] creating /root/workspaces/ros2_ws/install/ffw_teleop/share/ament_index/resource_index/packages
[1.661s] copying resource/ffw_teleop -> /root/workspaces/ros2_ws/install/ffw_teleop/share/ament_index/resource_index/packages
[1.690s] copying package.xml -> /root/workspaces/ros2_ws/install/ffw_teleop/share/ffw_teleop
[1.714s] running install_egg_info
[1.738s] Copying ../../../build/ffw_teleop/ffw_teleop.egg-info to /root/workspaces/ros2_ws/install/ffw_teleop/lib/python3.12/site-packages/ffw_teleop-1.2.0-py3.12.egg-info
[1.927s] running install_scripts
[2.071s] Installing keyborad_control script to /root/workspaces/ros2_ws/install/ffw_teleop/lib/ffw_teleop
[2.102s] Installing mobile_teleop script to /root/workspaces/ros2_ws/install/ffw_teleop/lib/ffw_teleop
[2.113s] writing list of installed files to '/root/workspaces/ros2_ws/build/ffw_teleop/install.log'
[2.145s] Invoked command in '/root/workspaces/ros2_ws/src/ai-worker-sim/ffw_teleop' returned '0': PYTHONPATH=/root/workspaces/ros2_ws/build/ffw_teleop/prefix_override:/usr/lib/python3/dist-packages/colcon_core/task/python/colcon_distutils_commands:/root/workspaces/ros2_ws/install/ffw_teleop/lib/python3.12/site-packages:${PYTHONPATH} /usr/bin/python3 -W ignore:setup.py install is deprecated -W ignore:easy_install command is deprecated setup.py egg_info --egg-base ../../../build/ffw_teleop build --build-base /root/workspaces/ros2_ws/build/ffw_teleop/build install --record /root/workspaces/ros2_ws/build/ffw_teleop/install.log --install-scripts $base/lib/ffw_teleop --single-version-externally-managed install_data
