running egg_info
creating ../../../build/ffw_bringup/ffw_bringup.egg-info
writing ../../../build/ffw_bringup/ffw_bringup.egg-info/PKG-INFO
writing dependency_links to ../../../build/ffw_bringup/ffw_bringup.egg-info/dependency_links.txt
writing entry points to ../../../build/ffw_bringup/ffw_bringup.egg-info/entry_points.txt
writing requirements to ../../../build/ffw_bringup/ffw_bringup.egg-info/requires.txt
writing top-level names to ../../../build/ffw_bringup/ffw_bringup.egg-info/top_level.txt
writing manifest file '../../../build/ffw_bringup/ffw_bringup.egg-info/SOURCES.txt'
reading manifest file '../../../build/ffw_bringup/ffw_bringup.egg-info/SOURCES.txt'
writing manifest file '../../../build/ffw_bringup/ffw_bringup.egg-info/SOURCES.txt'
running build
running build_py
creating /root/workspaces/ros2_ws/build/ffw_bringup/build
creating /root/workspaces/ros2_ws/build/ffw_bringup/build/lib
creating /root/workspaces/ros2_ws/build/ffw_bringup/build/lib/ffw_bringup
copying ffw_bringup/head_eef_tracker.py -> /root/workspaces/ros2_ws/build/ffw_bringup/build/lib/ffw_bringup
copying ffw_bringup/__init__.py -> /root/workspaces/ros2_ws/build/ffw_bringup/build/lib/ffw_bringup
copying ffw_bringup/joint_trajectory_executor.py -> /root/workspaces/ros2_ws/build/ffw_bringup/build/lib/ffw_bringup
running install
running install_lib
creating /root/workspaces/ros2_ws/install/ffw_bringup/lib/python3.12/site-packages/ffw_bringup
copying /root/workspaces/ros2_ws/build/ffw_bringup/build/lib/ffw_bringup/head_eef_tracker.py -> /root/workspaces/ros2_ws/install/ffw_bringup/lib/python3.12/site-packages/ffw_bringup
copying /root/workspaces/ros2_ws/build/ffw_bringup/build/lib/ffw_bringup/__init__.py -> /root/workspaces/ros2_ws/install/ffw_bringup/lib/python3.12/site-packages/ffw_bringup
copying /root/workspaces/ros2_ws/build/ffw_bringup/build/lib/ffw_bringup/joint_trajectory_executor.py -> /root/workspaces/ros2_ws/install/ffw_bringup/lib/python3.12/site-packages/ffw_bringup
byte-compiling /root/workspaces/ros2_ws/install/ffw_bringup/lib/python3.12/site-packages/ffw_bringup/head_eef_tracker.py to head_eef_tracker.cpython-312.pyc
byte-compiling /root/workspaces/ros2_ws/install/ffw_bringup/lib/python3.12/site-packages/ffw_bringup/__init__.py to __init__.cpython-312.pyc
byte-compiling /root/workspaces/ros2_ws/install/ffw_bringup/lib/python3.12/site-packages/ffw_bringup/joint_trajectory_executor.py to joint_trajectory_executor.cpython-312.pyc
running install_data
creating /root/workspaces/ros2_ws/install/ffw_bringup/share/ament_index
creating /root/workspaces/ros2_ws/install/ffw_bringup/share/ament_index/resource_index
creating /root/workspaces/ros2_ws/install/ffw_bringup/share/ament_index/resource_index/packages
copying resource/ffw_bringup -> /root/workspaces/ros2_ws/install/ffw_bringup/share/ament_index/resource_index/packages
copying package.xml -> /root/workspaces/ros2_ws/install/ffw_bringup/share/ffw_bringup
creating /root/workspaces/ros2_ws/install/ffw_bringup/share/ffw_bringup/launch
copying launch/ffw_sh5_warehouse_storage_launch.launch.py -> /root/workspaces/ros2_ws/install/ffw_bringup/share/ffw_bringup/launch
copying launch/ffw_sh5_warehouse_logistics_launch.launch.py -> /root/workspaces/ros2_ws/install/ffw_bringup/share/ffw_bringup/launch
copying launch/ffw_sh5_warehouse_distribution_launch.launch.py -> /root/workspaces/ros2_ws/install/ffw_bringup/share/ffw_bringup/launch
copying launch/ffw_sh5_follower_ai_gazebo.launch.py -> /root/workspaces/ros2_ws/install/ffw_bringup/share/ffw_bringup/launch
creating /root/workspaces/ros2_ws/install/ffw_bringup/share/ffw_bringup/config
creating /root/workspaces/ros2_ws/install/ffw_bringup/share/ffw_bringup/config/ffw_bg2_rev2_follower
creating /root/workspaces/ros2_ws/install/ffw_bringup/share/ffw_bringup/config/ffw_bg2_rev3_follower
creating /root/workspaces/ros2_ws/install/ffw_bringup/share/ffw_bringup/config/ffw_bg2_rev4_follower
creating /root/workspaces/ros2_ws/install/ffw_bringup/share/ffw_bringup/config/ffw_bh5_rev1_follower
creating /root/workspaces/ros2_ws/install/ffw_bringup/share/ffw_bringup/config/ffw_sg2_rev1_follower
creating /root/workspaces/ros2_ws/install/ffw_bringup/share/ffw_bringup/config/ffw_lg2_leader
creating /root/workspaces/ros2_ws/install/ffw_bringup/share/ffw_bringup/config/ffw_sh5_rev1_follower
copying config/ffw_sh5_rev1_follower/ffw_sh5_follower_initial_positions.yaml -> /root/workspaces/ros2_ws/install/ffw_bringup/share/ffw_bringup/config/ffw_sh5_rev1_follower
copying config/ffw_sh5_rev1_follower/ffw_sh5_follower_ai_hardware_controller.yaml -> /root/workspaces/ros2_ws/install/ffw_bringup/share/ffw_bringup/config/ffw_sh5_rev1_follower
creating /root/workspaces/ros2_ws/install/ffw_bringup/share/ffw_bringup/config/common
copying config/common/gz_bridge.yaml -> /root/workspaces/ros2_ws/install/ffw_bringup/share/ffw_bringup/config/common
creating /root/workspaces/ros2_ws/install/ffw_bringup/share/ffw_bringup/worlds
copying worlds/default.sdf -> /root/workspaces/ros2_ws/install/ffw_bringup/share/ffw_bringup/worlds
copying worlds/empty_world.sdf -> /root/workspaces/ros2_ws/install/ffw_bringup/share/ffw_bringup/worlds
running install_egg_info
Copying ../../../build/ffw_bringup/ffw_bringup.egg-info to /root/workspaces/ros2_ws/install/ffw_bringup/lib/python3.12/site-packages/ffw_bringup-1.2.0-py3.12.egg-info
running install_scripts
Installing head_eef_tracker script to /root/workspaces/ros2_ws/install/ffw_bringup/lib/ffw_bringup
Installing joint_trajectory_executor script to /root/workspaces/ros2_ws/install/ffw_bringup/lib/ffw_bringup
writing list of installed files to '/root/workspaces/ros2_ws/build/ffw_bringup/install.log'
