[0.261s] Invoking command in '/root/workspaces/ros2_ws/build/ffw_navigation': CMAKE_PREFIX_PATH=${CMAKE_PREFIX_PATH}:/opt/ros/jazzy /usr/bin/cmake --build /root/workspaces/ros2_ws/build/ffw_navigation -- -j4 -l4
[1.309s] [100%] Built target is_path_length_under_plugin
[1.498s] Invoked command in '/root/workspaces/ros2_ws/build/ffw_navigation' returned '0': CMAKE_PREFIX_PATH=${CMAKE_PREFIX_PATH}:/opt/ros/jazzy /usr/bin/cmake --build /root/workspaces/ros2_ws/build/ffw_navigation -- -j4 -l4
[1.535s] Invoking command in '/root/workspaces/ros2_ws/build/ffw_navigation': CMAKE_PREFIX_PATH=${CMAKE_PREFIX_PATH}:/opt/ros/jazzy /usr/bin/cmake --install /root/workspaces/ros2_ws/build/ffw_navigation
[1.587s] -- Install configuration: ""
[1.587s] -- Up-to-date: /root/workspaces/ros2_ws/install/ffw_navigation/lib/libis_path_length_under_plugin.so
[1.592s] -- Up-to-date: /root/workspaces/ros2_ws/install/ffw_navigation/share/ffw_navigation/launch
[1.592s] -- Up-to-date: /root/workspaces/ros2_ws/install/ffw_navigation/share/ffw_navigation/launch/navigation.launch.py
[1.592s] -- Up-to-date: /root/workspaces/ros2_ws/install/ffw_navigation/share/ffw_navigation/launch/online_sync_launch.py
[1.592s] -- Up-to-date: /root/workspaces/ros2_ws/install/ffw_navigation/share/ffw_navigation/rviz
[1.592s] -- Up-to-date: /root/workspaces/ros2_ws/install/ffw_navigation/share/ffw_navigation/rviz/navigation.rviz
[1.592s] -- Up-to-date: /root/workspaces/ros2_ws/install/ffw_navigation/share/ffw_navigation/rviz/mapping.rviz
[1.593s] -- Up-to-date: /root/workspaces/ros2_ws/install/ffw_navigation/share/ffw_navigation/config
[1.593s] -- Up-to-date: /root/workspaces/ros2_ws/install/ffw_navigation/share/ffw_navigation/config/navigation_mppi.yaml
[1.593s] -- Up-to-date: /root/workspaces/ros2_ws/install/ffw_navigation/share/ffw_navigation/config/bt
[1.593s] -- Up-to-date: /root/workspaces/ros2_ws/install/ffw_navigation/share/ffw_navigation/config/bt/nav_modes.xml
[1.593s] -- Up-to-date: /root/workspaces/ros2_ws/install/ffw_navigation/share/ffw_navigation/config/navigation.yaml
[1.593s] -- Up-to-date: /root/workspaces/ros2_ws/install/ffw_navigation/share/ffw_navigation/config/mapper_params_online_sync.yaml
[1.593s] -- Up-to-date: /root/workspaces/ros2_ws/install/ffw_navigation/share/ffw_navigation/maps
[1.593s] -- Up-to-date: /root/workspaces/ros2_ws/install/ffw_navigation/share/ffw_navigation/maps/map.pgm
[1.593s] -- Up-to-date: /root/workspaces/ros2_ws/install/ffw_navigation/share/ffw_navigation/maps/map.yaml
[1.593s] -- Up-to-date: /root/workspaces/ros2_ws/install/ffw_navigation/share/ffw_navigation/environment/library_path.sh
[1.594s] -- Up-to-date: /root/workspaces/ros2_ws/install/ffw_navigation/share/ffw_navigation/environment/library_path.dsv
[1.594s] -- Up-to-date: /root/workspaces/ros2_ws/install/ffw_navigation/share/ament_index/resource_index/package_run_dependencies/ffw_navigation
[1.594s] -- Up-to-date: /root/workspaces/ros2_ws/install/ffw_navigation/share/ament_index/resource_index/parent_prefix_path/ffw_navigation
[1.594s] -- Up-to-date: /root/workspaces/ros2_ws/install/ffw_navigation/share/ffw_navigation/environment/ament_prefix_path.sh
[1.594s] -- Up-to-date: /root/workspaces/ros2_ws/install/ffw_navigation/share/ffw_navigation/environment/ament_prefix_path.dsv
[1.594s] -- Up-to-date: /root/workspaces/ros2_ws/install/ffw_navigation/share/ffw_navigation/environment/path.sh
[1.595s] -- Up-to-date: /root/workspaces/ros2_ws/install/ffw_navigation/share/ffw_navigation/environment/path.dsv
[1.595s] -- Up-to-date: /root/workspaces/ros2_ws/install/ffw_navigation/share/ffw_navigation/local_setup.bash
[1.608s] -- Up-to-date: /root/workspaces/ros2_ws/install/ffw_navigation/share/ffw_navigation/local_setup.sh
[1.620s] -- Up-to-date: /root/workspaces/ros2_ws/install/ffw_navigation/share/ffw_navigation/local_setup.zsh
[1.630s] -- Up-to-date: /root/workspaces/ros2_ws/install/ffw_navigation/share/ffw_navigation/local_setup.dsv
[1.638s] -- Installing: /root/workspaces/ros2_ws/install/ffw_navigation/share/ffw_navigation/package.dsv
[1.663s] -- Up-to-date: /root/workspaces/ros2_ws/install/ffw_navigation/share/ament_index/resource_index/packages/ffw_navigation
[1.672s] -- Up-to-date: /root/workspaces/ros2_ws/install/ffw_navigation/share/ffw_navigation/cmake/ament_cmake_export_libraries-extras.cmake
[1.703s] -- Up-to-date: /root/workspaces/ros2_ws/install/ffw_navigation/share/ffw_navigation/cmake/ament_cmake_export_dependencies-extras.cmake
[1.703s] -- Up-to-date: /root/workspaces/ros2_ws/install/ffw_navigation/share/ffw_navigation/cmake/ffw_navigationConfig.cmake
[1.703s] -- Up-to-date: /root/workspaces/ros2_ws/install/ffw_navigation/share/ffw_navigation/cmake/ffw_navigationConfig-version.cmake
[1.703s] -- Up-to-date: /root/workspaces/ros2_ws/install/ffw_navigation/share/ffw_navigation/package.xml
[2.007s] Invoked command in '/root/workspaces/ros2_ws/build/ffw_navigation' returned '0': CMAKE_PREFIX_PATH=${CMAKE_PREFIX_PATH}:/opt/ros/jazzy /usr/bin/cmake --install /root/workspaces/ros2_ws/build/ffw_navigation
