running egg_info
writing ../../../build/ffw_teleop/ffw_teleop.egg-info/PKG-INFO
writing dependency_links to ../../../build/ffw_teleop/ffw_teleop.egg-info/dependency_links.txt
writing entry points to ../../../build/ffw_teleop/ffw_teleop.egg-info/entry_points.txt
writing requirements to ../../../build/ffw_teleop/ffw_teleop.egg-info/requires.txt
writing top-level names to ../../../build/ffw_teleop/ffw_teleop.egg-info/top_level.txt
reading manifest file '../../../build/ffw_teleop/ffw_teleop.egg-info/SOURCES.txt'
writing manifest file '../../../build/ffw_teleop/ffw_teleop.egg-info/SOURCES.txt'
running build
running build_py
running install
running install_lib
running install_data
running install_egg_info
removing '/root/workspaces/ros2_ws/install/ffw_teleop/lib/python3.12/site-packages/ffw_teleop-1.2.0-py3.12.egg-info' (and everything under it)
Copying ../../../build/ffw_teleop/ffw_teleop.egg-info to /root/workspaces/ros2_ws/install/ffw_teleop/lib/python3.12/site-packages/ffw_teleop-1.2.0-py3.12.egg-info
running install_scripts
Installing keyborad_control script to /root/workspaces/ros2_ws/install/ffw_teleop/lib/ffw_teleop
Installing mobile_teleop script to /root/workspaces/ros2_ws/install/ffw_teleop/lib/ffw_teleop
writing list of installed files to '/root/workspaces/ros2_ws/build/ffw_teleop/install.log'
