[0.362s] Invoking command in '/root/workspaces/ros2_ws/build/ffw_swerve_drive_controller': CMAKE_PREFIX_PATH=${CMAKE_PREFIX_PATH}:/root/workspaces/ros2_ws/install/ffw_teleop:/root/workspaces/ros2_ws/install/ffw_bringup:/opt/ros/jazzy /usr/bin/cmake --build /root/workspaces/ros2_ws/build/ffw_swerve_drive_controller -- -j4 -l4
[0.871s] [ 28%] Built target swerve_drive_controller_parameter
[1.084s] [100%] Built target ffw_swerve_drive_controller
[1.254s] Invoked command in '/root/workspaces/ros2_ws/build/ffw_swerve_drive_controller' returned '0': CMAKE_PREFIX_PATH=${CMAKE_PREFIX_PATH}:/root/workspaces/ros2_ws/install/ffw_teleop:/root/workspaces/ros2_ws/install/ffw_bringup:/opt/ros/jazzy /usr/bin/cmake --build /root/workspaces/ros2_ws/build/ffw_swerve_drive_controller -- -j4 -l4
[1.264s] Invoking command in '/root/workspaces/ros2_ws/build/ffw_swerve_drive_controller': CMAKE_PREFIX_PATH=${CMAKE_PREFIX_PATH}:/root/workspaces/ros2_ws/install/ffw_teleop:/root/workspaces/ros2_ws/install/ffw_bringup:/opt/ros/jazzy /usr/bin/cmake --install /root/workspaces/ros2_ws/build/ffw_swerve_drive_controller
[1.684s] -- Install configuration: ""
[1.684s] -- Up-to-date: /root/workspaces/ros2_ws/install/ffw_swerve_drive_controller/include/ffw_swerve_drive_controller
[1.685s] -- Up-to-date: /root/workspaces/ros2_ws/install/ffw_swerve_drive_controller/include/ffw_swerve_drive_controller/swerve_drive_controller_parameter.hpp
[1.685s] -- Up-to-date: /root/workspaces/ros2_ws/install/ffw_swerve_drive_controller/share/ffw_swerve_drive_controller/ffw_swerve_drive_controller.xml
[1.685s] -- Up-to-date: /root/workspaces/ros2_ws/install/ffw_swerve_drive_controller/include
[1.686s] -- Up-to-date: /root/workspaces/ros2_ws/install/ffw_swerve_drive_controller/include/ffw_swerve_drive_controller
[1.686s] -- Up-to-date: /root/workspaces/ros2_ws/install/ffw_swerve_drive_controller/include/ffw_swerve_drive_controller/speed_limiter.hpp
[1.686s] -- Up-to-date: /root/workspaces/ros2_ws/install/ffw_swerve_drive_controller/include/ffw_swerve_drive_controller/swerve_drive_controller.hpp
[1.686s] -- Up-to-date: /root/workspaces/ros2_ws/install/ffw_swerve_drive_controller/include/ffw_swerve_drive_controller/odometry.hpp
[1.686s] -- Up-to-date: /root/workspaces/ros2_ws/install/ffw_swerve_drive_controller/include/ffw_swerve_drive_controller/marker_visualize.hpp
[1.687s] -- Up-to-date: /root/workspaces/ros2_ws/install/ffw_swerve_drive_controller/lib/libffw_swerve_drive_controller.so
[1.687s] -- Up-to-date: /root/workspaces/ros2_ws/install/ffw_swerve_drive_controller/share/ffw_swerve_drive_controller/ffw_swerve_drive_controller.xml
[1.687s] -- Up-to-date: /root/workspaces/ros2_ws/install/ffw_swerve_drive_controller/share/ffw_swerve_drive_controller/environment/library_path.sh
[1.688s] -- Up-to-date: /root/workspaces/ros2_ws/install/ffw_swerve_drive_controller/share/ffw_swerve_drive_controller/environment/library_path.dsv
[1.688s] -- Up-to-date: /root/workspaces/ros2_ws/install/ffw_swerve_drive_controller/share/ament_index/resource_index/package_run_dependencies/ffw_swerve_drive_controller
[1.688s] -- Up-to-date: /root/workspaces/ros2_ws/install/ffw_swerve_drive_controller/share/ament_index/resource_index/parent_prefix_path/ffw_swerve_drive_controller
[1.688s] -- Up-to-date: /root/workspaces/ros2_ws/install/ffw_swerve_drive_controller/share/ffw_swerve_drive_controller/environment/ament_prefix_path.sh
[1.689s] -- Up-to-date: /root/workspaces/ros2_ws/install/ffw_swerve_drive_controller/share/ffw_swerve_drive_controller/environment/ament_prefix_path.dsv
[1.689s] -- Up-to-date: /root/workspaces/ros2_ws/install/ffw_swerve_drive_controller/share/ffw_swerve_drive_controller/environment/path.sh
[1.689s] -- Up-to-date: /root/workspaces/ros2_ws/install/ffw_swerve_drive_controller/share/ffw_swerve_drive_controller/environment/path.dsv
[1.689s] -- Up-to-date: /root/workspaces/ros2_ws/install/ffw_swerve_drive_controller/share/ffw_swerve_drive_controller/local_setup.bash
[1.690s] -- Up-to-date: /root/workspaces/ros2_ws/install/ffw_swerve_drive_controller/share/ffw_swerve_drive_controller/local_setup.sh
[1.690s] -- Up-to-date: /root/workspaces/ros2_ws/install/ffw_swerve_drive_controller/share/ffw_swerve_drive_controller/local_setup.zsh
[1.690s] -- Up-to-date: /root/workspaces/ros2_ws/install/ffw_swerve_drive_controller/share/ffw_swerve_drive_controller/local_setup.dsv
[1.690s] -- Installing: /root/workspaces/ros2_ws/install/ffw_swerve_drive_controller/share/ffw_swerve_drive_controller/package.dsv
[1.691s] -- Up-to-date: /root/workspaces/ros2_ws/install/ffw_swerve_drive_controller/share/ament_index/resource_index/packages/ffw_swerve_drive_controller
[1.692s] -- Up-to-date: /root/workspaces/ros2_ws/install/ffw_swerve_drive_controller/share/ament_index/resource_index/controller_interface__pluginlib__plugin/ffw_swerve_drive_controller
[1.692s] -- Up-to-date: /root/workspaces/ros2_ws/install/ffw_swerve_drive_controller/share/ffw_swerve_drive_controller/cmake/export_ffw_swerve_drive_controllerExport.cmake
[1.693s] -- Up-to-date: /root/workspaces/ros2_ws/install/ffw_swerve_drive_controller/share/ffw_swerve_drive_controller/cmake/export_ffw_swerve_drive_controllerExport-noconfig.cmake
[1.693s] -- Up-to-date: /root/workspaces/ros2_ws/install/ffw_swerve_drive_controller/share/ffw_swerve_drive_controller/cmake/ament_cmake_export_dependencies-extras.cmake
[1.693s] -- Up-to-date: /root/workspaces/ros2_ws/install/ffw_swerve_drive_controller/share/ffw_swerve_drive_controller/cmake/ament_cmake_export_include_directories-extras.cmake
[1.693s] -- Up-to-date: /root/workspaces/ros2_ws/install/ffw_swerve_drive_controller/share/ffw_swerve_drive_controller/cmake/ament_cmake_export_libraries-extras.cmake
[1.694s] -- Up-to-date: /root/workspaces/ros2_ws/install/ffw_swerve_drive_controller/share/ffw_swerve_drive_controller/cmake/ament_cmake_export_targets-extras.cmake
[1.694s] -- Up-to-date: /root/workspaces/ros2_ws/install/ffw_swerve_drive_controller/share/ffw_swerve_drive_controller/cmake/ffw_swerve_drive_controllerConfig.cmake
[1.695s] -- Up-to-date: /root/workspaces/ros2_ws/install/ffw_swerve_drive_controller/share/ffw_swerve_drive_controller/cmake/ffw_swerve_drive_controllerConfig-version.cmake
[1.695s] -- Up-to-date: /root/workspaces/ros2_ws/install/ffw_swerve_drive_controller/share/ffw_swerve_drive_controller/package.xml
[1.756s] Invoked command in '/root/workspaces/ros2_ws/build/ffw_swerve_drive_controller' returned '0': CMAKE_PREFIX_PATH=${CMAKE_PREFIX_PATH}:/root/workspaces/ros2_ws/install/ffw_teleop:/root/workspaces/ros2_ws/install/ffw_bringup:/opt/ros/jazzy /usr/bin/cmake --install /root/workspaces/ros2_ws/build/ffw_swerve_drive_controller
